TN:
SF:/home/misureivun/projects/3sem/laba3/include/DoublyList.h
FNF:0
FNH:0
LF:0
LH:0
end_of_record
TN:
SF:/home/misureivun/projects/3sem/laba3/include/ForwardList.h
FNF:0
FNH:0
LF:0
LH:0
end_of_record
TN:
SF:/home/misureivun/projects/3sem/laba3/include/binaryTree.h
FN:14,14,_ZN18CompleteBinaryTree8TreeNodeC2Ei
FNDA:17,_ZN18CompleteBinaryTree8TreeNodeC2Ei
FNF:1
FNH:1
DA:14,17
LF:1
LH:1
end_of_record
TN:
SF:/home/misureivun/projects/3sem/laba3/include/hashTable.h
FN:15,15,_ZN14ChainHashTable4NodeC2ERKNSt7__cxx1112basic_stringIcSt11char_traitsIcESaIcEEES8_
FN:20,24,_ZN14ChainHashTable7hashFunERKNSt7__cxx1112basic_stringIcSt11char_traitsIcESaIcEEE
FNDA:10,_ZN14ChainHashTable4NodeC2ERKNSt7__cxx1112basic_stringIcSt11char_traitsIcESaIcEEES8_
FNDA:40,_ZN14ChainHashTable7hashFunERKNSt7__cxx1112basic_stringIcSt11char_traitsIcESaIcEEE
FNF:2
FNH:2
DA:15,10
DA:20,40
DA:21,40
DA:22,117
DA:23,40
LF:5
LH:5
end_of_record
TN:
SF:/home/misureivun/projects/3sem/laba3/include/openHashTable.h
FN:18,23,_ZNK13HashTableOpen7hashFunERKNSt7__cxx1112basic_stringIcSt11char_traitsIcESaIcEEE
FNDA:31,_ZNK13HashTableOpen7hashFunERKNSt7__cxx1112basic_stringIcSt11char_traitsIcESaIcEEE
FNF:1
FNH:1
DA:18,31
DA:19,31
DA:20,95
DA:21,64
DA:22,31
LF:5
LH:5
end_of_record
TN:
SF:/home/misureivun/projects/3sem/laba3/include/queue.h
FNF:0
FNH:0
LF:0
LH:0
end_of_record
TN:
SF:/home/misureivun/projects/3sem/laba3/include/stack.h
FNF:0
FNH:0
LF:0
LH:0
end_of_record
TN:
SF:/home/misureivun/projects/3sem/laba3/src/DoublyList.cpp
FN:114,128,_ZN10DoublyList14DeleteBeforeDLERKNSt7__cxx1112basic_stringIcSt11char_traitsIcESaIcEEE
FN:130,145,_ZN10DoublyList15DeleteByValueDLENSt7__cxx1112basic_stringIcSt11char_traitsIcESaIcEEE
FN:147,158,_ZN10DoublyList14printForwardDLEv
FN:16,23,_ZN10DoublyList9AddHeadDLENSt7__cxx1112basic_stringIcSt11char_traitsIcESaIcEEE
FN:160,168,_ZN10DoublyList15printBackwardDLEv
FN:171,178,_ZN10DoublyList6saveDLERKNSt7__cxx1112basic_stringIcSt11char_traitsIcESaIcEEE
FN:180,188,_ZN10DoublyList6loadDLERKNSt7__cxx1112basic_stringIcSt11char_traitsIcESaIcEEE
FN:25,32,_ZN10DoublyList9AddTailDLENSt7__cxx1112basic_stringIcSt11char_traitsIcESaIcEEE
FN:3,6,_ZN10DoublyListC2Ev
FN:34,41,_ZN10DoublyList6FindDLENSt7__cxx1112basic_stringIcSt11char_traitsIcESaIcEEE
FN:43,56,_ZN10DoublyList10AddAfterDLERKNSt7__cxx1112basic_stringIcSt11char_traitsIcESaIcEEES7_
FN:58,72,_ZN10DoublyList11AddBeforeDLERKNSt7__cxx1112basic_stringIcSt11char_traitsIcESaIcEEES7_
FN:75,84,_ZN10DoublyList12DeleteHeadDLEv
FN:8,14,_ZN10DoublyListD2Ev
FN:86,95,_ZN10DoublyList12DeleteTailDLEv
FN:98,112,_ZN10DoublyList13DeleteAfterDLERKNSt7__cxx1112basic_stringIcSt11char_traitsIcESaIcEEE
FNDA:2,_ZN10DoublyList14DeleteBeforeDLERKNSt7__cxx1112basic_stringIcSt11char_traitsIcESaIcEEE
FNDA:2,_ZN10DoublyList15DeleteByValueDLENSt7__cxx1112basic_stringIcSt11char_traitsIcESaIcEEE
FNDA:2,_ZN10DoublyList14printForwardDLEv
FNDA:3,_ZN10DoublyList9AddHeadDLENSt7__cxx1112basic_stringIcSt11char_traitsIcESaIcEEE
FNDA:1,_ZN10DoublyList15printBackwardDLEv
FNDA:1,_ZN10DoublyList6saveDLERKNSt7__cxx1112basic_stringIcSt11char_traitsIcESaIcEEE
FNDA:2,_ZN10DoublyList6loadDLERKNSt7__cxx1112basic_stringIcSt11char_traitsIcESaIcEEE
FNDA:16,_ZN10DoublyList9AddTailDLENSt7__cxx1112basic_stringIcSt11char_traitsIcESaIcEEE
FNDA:11,_ZN10DoublyListC2Ev
FNDA:24,_ZN10DoublyList6FindDLENSt7__cxx1112basic_stringIcSt11char_traitsIcESaIcEEE
FNDA:3,_ZN10DoublyList10AddAfterDLERKNSt7__cxx1112basic_stringIcSt11char_traitsIcESaIcEEES7_
FNDA:2,_ZN10DoublyList11AddBeforeDLERKNSt7__cxx1112basic_stringIcSt11char_traitsIcESaIcEEES7_
FNDA:3,_ZN10DoublyList12DeleteHeadDLEv
FNDA:11,_ZN10DoublyListD2Ev
FNDA:2,_ZN10DoublyList12DeleteTailDLEv
FNDA:2,_ZN10DoublyList13DeleteAfterDLERKNSt7__cxx1112basic_stringIcSt11char_traitsIcESaIcEEE
FNF:16
FNH:16
DA:3,11
DA:4,11
DA:5,11
DA:6,11
DA:8,11
DA:9,38
DA:10,16
DA:11,16
DA:12,16
DA:14,11
DA:16,3
DA:17,3
DA:18,3
DA:19,2
DA:21,1
DA:22,3
DA:23,3
DA:25,16
DA:26,16
DA:27,16
DA:28,10
DA:30,6
DA:31,16
DA:32,16
DA:34,24
DA:35,24
DA:36,45
DA:37,37
DA:38,21
DA:40,8
DA:43,3
DA:44,3
DA:45,1
DA:46,1
DA:48,2
DA:49,2
DA:51,2
DA:52,2
DA:53,1
DA:54,1
DA:55,2
DA:58,2
DA:59,2
DA:60,1
DA:61,1
DA:63,1
DA:64,1
DA:65,1
DA:66,1
DA:69,0
DA:70,0
DA:71,0
DA:75,3
DA:76,3
DA:77,2
DA:78,2
DA:79,2
DA:80,1
DA:82,1
DA:83,2
DA:86,2
DA:87,2
DA:88,1
DA:89,1
DA:90,1
DA:91,1
DA:93,0
DA:94,1
DA:98,2
DA:99,2
DA:100,1
DA:102,2
DA:103,2
DA:104,1
DA:106,1
DA:107,1
DA:108,1
DA:109,1
DA:110,0
DA:111,1
DA:114,2
DA:115,2
DA:116,1
DA:118,2
DA:119,2
DA:120,1
DA:122,1
DA:123,1
DA:124,1
DA:125,1
DA:126,0
DA:127,1
DA:130,2
DA:131,2
DA:132,2
DA:134,1
DA:135,1
DA:136,1
DA:138,0
DA:139,0
DA:140,0
DA:142,0
DA:143,0
DA:144,0
DA:147,2
DA:148,2
DA:149,1
DA:150,1
DA:152,1
DA:153,3
DA:154,2
DA:155,2
DA:157,1
DA:160,1
DA:161,1
DA:163,2
DA:164,1
DA:165,1
DA:167,1
DA:168,1
DA:171,1
DA:172,1
DA:173,1
DA:174,3
DA:175,2
DA:176,2
DA:177,1
DA:178,1
DA:180,2
DA:181,2
DA:182,2
DA:183,1
DA:184,1
DA:185,3
DA:186,2
DA:187,1
DA:188,2
LF:137
LH:125
end_of_record
TN:
SF:/home/misureivun/projects/3sem/laba3/src/ForwardList.cpp
FN:100,113,_ZN11ForwardList12DeleteTailFLEv
FN:115,123,_ZN11ForwardList13DeleteAfterFLERKNSt7__cxx1112basic_stringIcSt11char_traitsIcESaIcEEE
FN:125,141,_ZN11ForwardList14DeleteBeforeFLERKNSt7__cxx1112basic_stringIcSt11char_traitsIcESaIcEEE
FN:13,19,_ZN11ForwardList5clearEv
FN:143,159,_ZN11ForwardList13DeleteValueFLERKNSt7__cxx1112basic_stringIcSt11char_traitsIcESaIcEEE
FN:161,168,_ZN11ForwardList6FindFLERKNSt7__cxx1112basic_stringIcSt11char_traitsIcESaIcEEE
FN:170,177,_ZN11ForwardList7printFLEv
FN:179,182,_ZN11ForwardList14printByValueFLERKNSt7__cxx1112basic_stringIcSt11char_traitsIcESaIcEEE
FN:184,191,_ZN11ForwardList14printReverseFLEPNS_14NodeSinglyListE
FN:193,200,_ZN11ForwardList6saveFLERKNSt7__cxx1112basic_stringIcSt11char_traitsIcESaIcEEE
FN:202,210,_ZN11ForwardList6loadFLERKNSt7__cxx1112basic_stringIcSt11char_traitsIcESaIcEEE
FN:21,28,_ZNK11ForwardList8containsERKNSt7__cxx1112basic_stringIcSt11char_traitsIcESaIcEEE
FN:30,38,_ZNK11ForwardList8toVectorB5cxx11Ev
FN:40,44,_ZN11ForwardList9AddHeadFLERKNSt7__cxx1112basic_stringIcSt11char_traitsIcESaIcEEE
FN:46,57,_ZN11ForwardList9AddTailFLERKNSt7__cxx1112basic_stringIcSt11char_traitsIcESaIcEEE
FN:5,7,_ZN11ForwardListC2Ev
FN:59,63,_ZN11ForwardList9AddNodeFLEPNS_14NodeSinglyListERKNSt7__cxx1112basic_stringIcSt11char_traitsIcESaIcEEE
FN:65,72,_ZN11ForwardList10AddAfterFLERKNSt7__cxx1112basic_stringIcSt11char_traitsIcESaIcEEES7_
FN:74,89,_ZN11ForwardList11AddBeforeFLERKNSt7__cxx1112basic_stringIcSt11char_traitsIcESaIcEEES7_
FN:9,11,_ZN11ForwardListD2Ev
FN:92,98,_ZN11ForwardList12DeleteHeadFLEv
FNDA:1,_ZN11ForwardList12DeleteTailFLEv
FNDA:3,_ZN11ForwardList13DeleteAfterFLERKNSt7__cxx1112basic_stringIcSt11char_traitsIcESaIcEEE
FNDA:3,_ZN11ForwardList14DeleteBeforeFLERKNSt7__cxx1112basic_stringIcSt11char_traitsIcESaIcEEE
FNDA:15,_ZN11ForwardList5clearEv
FNDA:3,_ZN11ForwardList13DeleteValueFLERKNSt7__cxx1112basic_stringIcSt11char_traitsIcESaIcEEE
FNDA:7,_ZN11ForwardList6FindFLERKNSt7__cxx1112basic_stringIcSt11char_traitsIcESaIcEEE
FNDA:2,_ZN11ForwardList7printFLEv
FNDA:1,_ZN11ForwardList14printByValueFLERKNSt7__cxx1112basic_stringIcSt11char_traitsIcESaIcEEE
FNDA:6,_ZN11ForwardList14printReverseFLEPNS_14NodeSinglyListE
FNDA:1,_ZN11ForwardList6saveFLERKNSt7__cxx1112basic_stringIcSt11char_traitsIcESaIcEEE
FNDA:2,_ZN11ForwardList6loadFLERKNSt7__cxx1112basic_stringIcSt11char_traitsIcESaIcEEE
FNDA:12,_ZNK11ForwardList8containsERKNSt7__cxx1112basic_stringIcSt11char_traitsIcESaIcEEE
FNDA:1,_ZNK11ForwardList8toVectorB5cxx11Ev
FNDA:3,_ZN11ForwardList9AddHeadFLERKNSt7__cxx1112basic_stringIcSt11char_traitsIcESaIcEEE
FNDA:20,_ZN11ForwardList9AddTailFLERKNSt7__cxx1112basic_stringIcSt11char_traitsIcESaIcEEE
FNDA:14,_ZN11ForwardListC2Ev
FNDA:3,_ZN11ForwardList9AddNodeFLEPNS_14NodeSinglyListERKNSt7__cxx1112basic_stringIcSt11char_traitsIcESaIcEEE
FNDA:2,_ZN11ForwardList10AddAfterFLERKNSt7__cxx1112basic_stringIcSt11char_traitsIcESaIcEEES7_
FNDA:3,_ZN11ForwardList11AddBeforeFLERKNSt7__cxx1112basic_stringIcSt11char_traitsIcESaIcEEES7_
FNDA:14,_ZN11ForwardListD2Ev
FNDA:4,_ZN11ForwardList12DeleteHeadFLEv
FNF:21
FNH:21
DA:5,14
DA:6,14
DA:7,14
DA:9,14
DA:10,14
DA:11,14
DA:13,15
DA:14,52
DA:15,22
DA:16,22
DA:17,22
DA:19,15
DA:21,12
DA:22,12
DA:23,20
DA:24,15
DA:25,8
DA:27,5
DA:30,1
DA:31,1
DA:32,1
DA:33,5
DA:34,4
DA:35,4
DA:37,1
DA:38,0
DA:40,3
DA:41,3
DA:42,3
DA:43,3
DA:44,3
DA:46,20
DA:47,20
DA:48,20
DA:49,9
DA:50,9
DA:52,11
DA:53,14
DA:54,3
DA:56,11
DA:59,3
DA:60,3
DA:61,3
DA:62,3
DA:63,3
DA:65,2
DA:66,2
DA:67,1
DA:68,1
DA:70,1
DA:71,1
DA:74,3
DA:75,3
DA:76,1
DA:77,1
DA:79,2
DA:80,1
DA:81,1
DA:84,1
DA:85,1
DA:86,0
DA:88,1
DA:92,4
DA:93,4
DA:94,1
DA:95,3
DA:96,3
DA:97,3
DA:100,1
DA:101,1
DA:102,0
DA:103,0
DA:104,0
DA:105,0
DA:107,0
DA:108,0
DA:109,0
DA:111,0
DA:112,0
DA:115,3
DA:116,3
DA:117,1
DA:119,1
DA:120,1
DA:121,1
DA:122,1
DA:125,3
DA:126,3
DA:127,1
DA:128,1
DA:129,1
DA:130,0
DA:131,0
DA:133,1
DA:135,1
DA:136,1
DA:138,0
DA:139,0
DA:143,3
DA:144,3
DA:145,1
DA:146,1
DA:147,1
DA:150,0
DA:151,0
DA:152,0
DA:154,0
DA:156,0
DA:157,0
DA:158,0
DA:161,7
DA:162,7
DA:163,10
DA:164,8
DA:165,3
DA:167,2
DA:170,2
DA:171,2
DA:172,7
DA:173,5
DA:174,5
DA:176,2
DA:177,2
DA:179,1
DA:180,1
DA:181,1
DA:182,1
DA:184,6
DA:185,6
DA:186,3
DA:187,3
DA:189,3
DA:190,3
DA:193,1
DA:194,1
DA:195,1
DA:196,3
DA:197,2
DA:198,2
DA:199,1
DA:200,1
DA:202,2
DA:203,2
DA:204,2
DA:205,1
DA:206,1
DA:207,3
DA:208,2
DA:209,1
DA:210,2
LF:150
LH:128
end_of_record
TN:
SF:/home/misureivun/projects/3sem/laba3/src/array.cpp
FN:13,21,_ZN5Array6resizeEi
FN:24,27,_ZN5Array9pushBackMERKNSt7__cxx1112basic_stringIcSt11char_traitsIcESaIcEEE
FN:29,40,_ZN5Array7insertMEiRKNSt7__cxx1112basic_stringIcSt11char_traitsIcESaIcEEE
FN:3,7,_ZN5ArrayC2Ev
FN:42,55,_ZN5Array7deleteMEi
FN:57,63,_ZN5Array4getMB5cxx11Ei
FN:65,71,_ZN5Array8replaceMEiNSt7__cxx1112basic_stringIcSt11char_traitsIcESaIcEEE
FN:73,83,_ZN5Array6printMEv
FN:85,87,_ZN5Array7lengthMEv
FN:89,96,_ZN5Array5loadMERKNSt7__cxx1112basic_stringIcSt11char_traitsIcESaIcEEE
FN:9,11,_ZN5ArrayD2Ev
FN:98,104,_ZN5Array5saveMERKNSt7__cxx1112basic_stringIcSt11char_traitsIcESaIcEEE
FNDA:3,_ZN5Array6resizeEi
FNDA:17,_ZN5Array9pushBackMERKNSt7__cxx1112basic_stringIcSt11char_traitsIcESaIcEEE
FNDA:3,_ZN5Array7insertMEiRKNSt7__cxx1112basic_stringIcSt11char_traitsIcESaIcEEE
FNDA:11,_ZN5ArrayC2Ev
FNDA:3,_ZN5Array7deleteMEi
FNDA:8,_ZN5Array4getMB5cxx11Ei
FNDA:2,_ZN5Array8replaceMEiNSt7__cxx1112basic_stringIcSt11char_traitsIcESaIcEEE
FNDA:2,_ZN5Array6printMEv
FNDA:4,_ZN5Array7lengthMEv
FNDA:2,_ZN5Array5loadMERKNSt7__cxx1112basic_stringIcSt11char_traitsIcESaIcEEE
FNDA:11,_ZN5ArrayD2Ev
FNDA:1,_ZN5Array5saveMERKNSt7__cxx1112basic_stringIcSt11char_traitsIcESaIcEEE
FNF:12
FNH:12
DA:3,11
DA:4,11
DA:5,33
DA:6,11
DA:7,11
DA:9,11
DA:10,39
DA:11,11
DA:13,3
DA:14,15
DA:15,9
DA:16,6
DA:18,9
DA:19,3
DA:20,3
DA:21,3
DA:24,17
DA:25,17
DA:26,17
DA:27,17
DA:29,3
DA:30,3
DA:31,2
DA:32,2
DA:35,1
DA:36,2
DA:37,1
DA:39,1
DA:42,3
DA:43,3
DA:44,1
DA:45,1
DA:47,2
DA:48,1
DA:49,1
DA:51,2
DA:52,1
DA:54,1
DA:57,8
DA:58,8
DA:60,2
DA:62,7
DA:65,2
DA:66,2
DA:68,1
DA:70,1
DA:73,2
DA:74,2
DA:75,1
DA:76,1
DA:78,1
DA:79,3
DA:80,2
DA:82,1
DA:85,4
DA:86,4
DA:89,2
DA:90,2
DA:91,2
DA:92,1
DA:93,3
DA:94,2
DA:95,1
DA:96,2
DA:98,1
DA:99,1
DA:100,3
DA:101,2
DA:103,1
DA:104,1
LF:70
LH:70
end_of_record
TN:
SF:/home/misureivun/projects/3sem/laba3/src/binaryTree.cpp
FN:106,121,_ZNK18CompleteBinaryTree5saveTERKNSt7__cxx1112basic_stringIcSt11char_traitsIcESaIcEEE
FN:11,16,_ZN18CompleteBinaryTree5clearEPNS_8TreeNodeE
FN:124,136,_ZN18CompleteBinaryTree5loadTERKNSt7__cxx1112basic_stringIcSt11char_traitsIcESaIcEEE
FN:19,42,_ZN18CompleteBinaryTree7tInsertEi
FN:3,5,_ZN18CompleteBinaryTreeC2Ev
FN:45,58,_ZNK18CompleteBinaryTree7tSearchEi
FN:61,86,_ZNK18CompleteBinaryTree10isCompleteEv
FN:7,9,_ZN18CompleteBinaryTreeD2Ev
FN:89,95,_ZNK18CompleteBinaryTree10printTNodeEPNS_8TreeNodeEi
FN:97,103,_ZNK18CompleteBinaryTree6printTEv
FNDA:2,_ZNK18CompleteBinaryTree5saveTERKNSt7__cxx1112basic_stringIcSt11char_traitsIcESaIcEEE
FNDA:43,_ZN18CompleteBinaryTree5clearEPNS_8TreeNodeE
FNDA:2,_ZN18CompleteBinaryTree5loadTERKNSt7__cxx1112basic_stringIcSt11char_traitsIcESaIcEEE
FNDA:17,_ZN18CompleteBinaryTree7tInsertEi
FNDA:8,_ZN18CompleteBinaryTreeC2Ev
FNDA:10,_ZNK18CompleteBinaryTree7tSearchEi
FNDA:3,_ZNK18CompleteBinaryTree10isCompleteEv
FNDA:8,_ZN18CompleteBinaryTreeD2Ev
FNDA:2,_ZNK18CompleteBinaryTree10printTNodeEPNS_8TreeNodeEi
FNDA:2,_ZNK18CompleteBinaryTree6printTEv
FNF:10
FNH:10
DA:3,8
DA:4,8
DA:5,8
DA:7,8
DA:8,8
DA:9,8
DA:11,43
DA:12,43
DA:13,17
DA:14,17
DA:15,17
DA:19,17
DA:20,17
DA:21,17
DA:22,5
DA:23,17
DA:26,12
DA:27,12
DA:29,15
DA:30,15
DA:32,15
DA:33,7
DA:34,7
DA:35,8
DA:37,8
DA:38,5
DA:39,5
DA:40,3
DA:42,12
DA:45,10
DA:46,10
DA:48,9
DA:49,9
DA:51,34
DA:52,23
DA:53,23
DA:54,16
DA:55,16
DA:57,2
DA:58,9
DA:61,3
DA:62,3
DA:64,1
DA:65,1
DA:66,1
DA:68,6
DA:69,5
DA:71,5
DA:72,2
DA:73,2
DA:75,3
DA:78,5
DA:79,2
DA:80,2
DA:82,3
DA:85,1
DA:86,1
DA:89,2
DA:90,2
DA:91,2
DA:92,4
DA:93,2
DA:94,2
DA:97,2
DA:98,2
DA:100,1
DA:102,1
DA:106,2
DA:107,2
DA:108,1
DA:109,1
DA:111,1
DA:112,1
DA:114,5
DA:115,3
DA:116,3
DA:117,3
DA:118,3
DA:120,1
DA:121,1
DA:124,2
DA:125,2
DA:126,2
DA:128,1
DA:129,1
DA:132,4
DA:133,3
DA:135,1
DA:136,2
LF:89
LH:89
end_of_record
TN:
SF:/home/misureivun/projects/3sem/laba3/src/hashTable.cpp
FN:18,26,_ZN14ChainHashTable8containsERKNSt7__cxx1112basic_stringIcSt11char_traitsIcESaIcEEE
FN:28,36,_ZN14ChainHashTable3getERKNSt7__cxx1112basic_stringIcSt11char_traitsIcESaIcEEE
FN:3,5,_ZN14ChainHashTableC2Ev
FN:38,45,_ZN14ChainHashTable6insertERKNSt7__cxx1112basic_stringIcSt11char_traitsIcESaIcEEES7_
FN:47,61,_ZN14ChainHashTable6removeERKNSt7__cxx1112basic_stringIcSt11char_traitsIcESaIcEEE
FN:7,16,_ZN14ChainHashTableD2Ev
FNDA:18,_ZN14ChainHashTable8containsERKNSt7__cxx1112basic_stringIcSt11char_traitsIcESaIcEEE
FNDA:8,_ZN14ChainHashTable3getERKNSt7__cxx1112basic_stringIcSt11char_traitsIcESaIcEEE
FNDA:6,_ZN14ChainHashTableC2Ev
FNDA:11,_ZN14ChainHashTable6insertERKNSt7__cxx1112basic_stringIcSt11char_traitsIcESaIcEEES7_
FNDA:4,_ZN14ChainHashTable6removeERKNSt7__cxx1112basic_stringIcSt11char_traitsIcESaIcEEE
FNDA:6,_ZN14ChainHashTableD2Ev
FNF:6
FNH:6
DA:3,6
DA:4,612
DA:5,6
DA:7,6
DA:8,612
DA:9,606
DA:10,613
DA:11,7
DA:12,7
DA:13,7
DA:16,6
DA:18,18
DA:19,18
DA:20,18
DA:21,18
DA:22,4
DA:23,0
DA:25,14
DA:28,8
DA:29,8
DA:30,8
DA:31,8
DA:32,6
DA:33,0
DA:35,4
DA:38,11
DA:39,11
DA:40,10
DA:41,10
DA:42,10
DA:43,10
DA:44,10
DA:47,4
DA:48,4
DA:49,4
DA:50,4
DA:51,4
DA:52,3
DA:53,3
DA:54,3
DA:55,3
DA:56,3
DA:58,0
DA:59,0
LF:44
LH:40
end_of_record
TN:
SF:/home/misureivun/projects/3sem/laba3/src/openHashTable.cpp
FN:11,26,_ZN13HashTableOpen6insertERKNSt7__cxx1112basic_stringIcSt11char_traitsIcESaIcEEES7_
FN:28,36,_ZNK13HashTableOpen3getERKNSt7__cxx1112basic_stringIcSt11char_traitsIcESaIcEEE
FN:3,9,_ZN13HashTableOpenC2Ev
FN:38,46,_ZNK13HashTableOpen8containsERKNSt7__cxx1112basic_stringIcSt11char_traitsIcESaIcEEE
FN:48,61,_ZN13HashTableOpen6removeERKNSt7__cxx1112basic_stringIcSt11char_traitsIcESaIcEEE
FN:63,73,_ZNK13HashTableOpen10printTableEv
FN:76,78,_ZNK13HashTableOpen10debugIndexERKNSt7__cxx1112basic_stringIcSt11char_traitsIcESaIcEEE
FNDA:22,_ZN13HashTableOpen6insertERKNSt7__cxx1112basic_stringIcSt11char_traitsIcESaIcEEES7_
FNDA:3,_ZNK13HashTableOpen3getERKNSt7__cxx1112basic_stringIcSt11char_traitsIcESaIcEEE
FNDA:6,_ZN13HashTableOpenC2Ev
FNDA:3,_ZNK13HashTableOpen8containsERKNSt7__cxx1112basic_stringIcSt11char_traitsIcESaIcEEE
FNDA:2,_ZN13HashTableOpen6removeERKNSt7__cxx1112basic_stringIcSt11char_traitsIcESaIcEEE
FNDA:1,_ZNK13HashTableOpen10printTableEv
FNDA:2,_ZNK13HashTableOpen10debugIndexERKNSt7__cxx1112basic_stringIcSt11char_traitsIcESaIcEEE
FNF:7
FNH:7
DA:3,102
DA:4,102
DA:5,96
DA:6,96
DA:7,96
DA:9,6
DA:11,22
DA:12,22
DA:13,21
DA:14,91
DA:15,90
DA:16,90
DA:17,19
DA:18,19
DA:19,19
DA:20,19
DA:22,71
DA:23,1
DA:25,1
DA:28,3
DA:29,3
DA:30,3
DA:31,3
DA:32,7
DA:33,1
DA:35,0
DA:38,3
DA:39,3
DA:40,3
DA:41,3
DA:42,3
DA:43,1
DA:45,0
DA:48,2
DA:49,2
DA:50,2
DA:51,2
DA:52,2
DA:53,1
DA:54,1
DA:55,1
DA:56,1
DA:57,1
DA:60,0
DA:63,1
DA:64,1
DA:65,17
DA:66,16
DA:67,16
DA:68,1
DA:70,15
DA:71,16
DA:73,1
DA:76,2
DA:77,2
LF:55
LH:52
end_of_record
TN:
SF:/home/misureivun/projects/3sem/laba3/src/queue.cpp
FN:16,24,_ZN5Queue5pushQENSt7__cxx1112basic_stringIcSt11char_traitsIcESaIcEEE
FN:2,5,_ZN5QueueC2Ev
FN:26,37,_ZN5Queue4popQB5cxx11Ev
FN:39,41,_ZN5Queue8isEmptyQEv
FN:44,56,_ZN5Queue6printQEv
FN:59,65,_ZN5Queue5loadQERKNSt7__cxx1112basic_stringIcSt11char_traitsIcESaIcEEE
FN:68,76,_ZN5Queue5saveQERKNSt7__cxx1112basic_stringIcSt11char_traitsIcESaIcEEE
FN:7,14,_ZN5QueueD2Ev
FNDA:15,_ZN5Queue5pushQENSt7__cxx1112basic_stringIcSt11char_traitsIcESaIcEEE
FNDA:10,_ZN5QueueC2Ev
FNDA:8,_ZN5Queue4popQB5cxx11Ev
FNDA:8,_ZN5Queue8isEmptyQEv
FNDA:2,_ZN5Queue6printQEv
FNDA:2,_ZN5Queue5loadQERKNSt7__cxx1112basic_stringIcSt11char_traitsIcESaIcEEE
FNDA:1,_ZN5Queue5saveQERKNSt7__cxx1112basic_stringIcSt11char_traitsIcESaIcEEE
FNDA:10,_ZN5QueueD2Ev
FNF:8
FNH:8
DA:2,10
DA:3,10
DA:4,10
DA:5,10
DA:7,10
DA:8,28
DA:9,8
DA:10,8
DA:11,8
DA:14,10
DA:16,15
DA:17,15
DA:18,15
DA:19,6
DA:20,6
DA:22,9
DA:23,9
DA:26,8
DA:27,8
DA:28,2
DA:30,7
DA:31,7
DA:32,7
DA:33,7
DA:34,3
DA:35,7
DA:36,7
DA:37,7
DA:39,8
DA:40,8
DA:44,2
DA:45,2
DA:46,1
DA:47,1
DA:49,1
DA:50,1
DA:51,3
DA:52,2
DA:53,2
DA:55,1
DA:59,2
DA:60,2
DA:61,2
DA:62,1
DA:63,4
DA:64,1
DA:65,2
DA:68,1
DA:69,1
DA:70,1
DA:71,4
DA:72,3
DA:73,3
DA:75,1
DA:76,1
LF:55
LH:55
end_of_record
TN:
SF:/home/misureivun/projects/3sem/laba3/src/stack.cpp
FN:15,17,_ZN5Stack8isEmptySEv
FN:19,23,_ZN5Stack5pushSENSt7__cxx1112basic_stringIcSt11char_traitsIcESaIcEEE
FN:25,35,_ZN5Stack4popSB5cxx11Ev
FN:3,5,_ZN5StackC2Ev
FN:37,42,_ZN5Stack3topB5cxx11Ev
FN:44,56,_ZN5Stack6printSEv
FN:58,62,_ZN5Stack6clearSEv
FN:63,75,_ZN5Stack5loadSERKNSt7__cxx1112basic_stringIcSt11char_traitsIcESaIcEEE
FN:7,13,_ZN5StackD2Ev
FN:77,85,_ZN5Stack5saveSERKNSt7__cxx1112basic_stringIcSt11char_traitsIcESaIcEEE
FNDA:27,_ZN5Stack8isEmptySEv
FNDA:12,_ZN5Stack5pushSENSt7__cxx1112basic_stringIcSt11char_traitsIcESaIcEEE
FNDA:10,_ZN5Stack4popSB5cxx11Ev
FNDA:9,_ZN5StackC2Ev
FNDA:2,_ZN5Stack3topB5cxx11Ev
FNDA:2,_ZN5Stack6printSEv
FNDA:2,_ZN5Stack6clearSEv
FNDA:2,_ZN5Stack5loadSERKNSt7__cxx1112basic_stringIcSt11char_traitsIcESaIcEEE
FNDA:9,_ZN5StackD2Ev
FNDA:1,_ZN5Stack5saveSERKNSt7__cxx1112basic_stringIcSt11char_traitsIcESaIcEEE
FNF:10
FNH:10
DA:3,9
DA:4,9
DA:5,9
DA:7,9
DA:8,22
DA:9,4
DA:10,4
DA:11,4
DA:13,9
DA:15,27
DA:16,27
DA:19,12
DA:20,12
DA:21,12
DA:22,12
DA:23,12
DA:25,10
DA:26,10
DA:28,4
DA:30,8
DA:31,8
DA:32,8
DA:33,8
DA:34,8
DA:35,8
DA:37,2
DA:38,2
DA:39,2
DA:41,1
DA:44,2
DA:45,2
DA:47,1
DA:49,1
DA:50,1
DA:51,3
DA:52,2
DA:53,2
DA:55,1
DA:58,2
DA:59,4
DA:60,2
DA:62,2
DA:63,2
DA:64,2
DA:65,2
DA:66,1
DA:67,1
DA:68,3
DA:69,1
DA:70,1
DA:72,3
DA:73,2
DA:75,2
DA:77,1
DA:78,1
DA:79,1
DA:80,3
DA:81,2
DA:82,2
DA:84,1
DA:85,1
LF:61
LH:61
end_of_record
TN:
SF:/home/misureivun/projects/3sem/laba3/tests/googleTests.cpp
FN:111,111,_ZN31ForwardListTest_EmptyCases_Test8TestBodyEv
FN:111,111,_ZN31ForwardListTest_EmptyCases_TestC2Ev
FN:111,111,_ZN31ForwardListTest_EmptyCases_TestD0Ev
FN:111,111,_ZN31ForwardListTest_EmptyCases_TestD2Ev
FN:12,12,_ZN40ForwardListTest_AddHeadTailContains_Test8TestBodyEv
FN:12,12,_ZN40ForwardListTest_AddHeadTailContains_TestC2Ev
FN:12,12,_ZN40ForwardListTest_AddHeadTailContains_TestD0Ev
FN:12,12,_ZN40ForwardListTest_AddHeadTailContains_TestD2Ev
FN:124,124,_ZN42ForwardListCoverage_EmptyListBranches_Test8TestBodyEv
FN:124,124,_ZN42ForwardListCoverage_EmptyListBranches_TestC2Ev
FN:124,124,_ZN42ForwardListCoverage_EmptyListBranches_TestD0Ev
FN:124,124,_ZN42ForwardListCoverage_EmptyListBranches_TestD2Ev
FN:138,138,_ZN43ForwardListCoverage_AddBeforeEdgeCases_Test8TestBodyEv
FN:138,138,_ZN43ForwardListCoverage_AddBeforeEdgeCases_TestC2Ev
FN:138,138,_ZN43ForwardListCoverage_AddBeforeEdgeCases_TestD0Ev
FN:138,138,_ZN43ForwardListCoverage_AddBeforeEdgeCases_TestD2Ev
FN:181,181,_ZN36ForwardListCoverage_FindNullptr_Test8TestBodyEv
FN:181,181,_ZN36ForwardListCoverage_FindNullptr_TestC2Ev
FN:181,181,_ZN36ForwardListCoverage_FindNullptr_TestD0Ev
FN:181,181,_ZN36ForwardListCoverage_FindNullptr_TestD2Ev
FN:190,190,_ZN37ForwardListCoverage_PrintByValue_Test8TestBodyEv
FN:190,190,_ZN37ForwardListCoverage_PrintByValue_TestC2Ev
FN:190,190,_ZN37ForwardListCoverage_PrintByValue_TestD0Ev
FN:190,190,_ZN37ForwardListCoverage_PrintByValue_TestD2Ev
FN:208,208,_ZN44ForwardListCoverage_PrintReverseNullptr_Test8TestBodyEv
FN:208,208,_ZN44ForwardListCoverage_PrintReverseNullptr_TestC2Ev
FN:208,208,_ZN44ForwardListCoverage_PrintReverseNullptr_TestD0Ev
FN:208,208,_ZN44ForwardListCoverage_PrintReverseNullptr_TestD2Ev
FN:223,223,_ZN44ForwardListCoverage_LoadNonexistentFile_Test8TestBodyEv
FN:223,223,_ZN44ForwardListCoverage_LoadNonexistentFile_TestC2Ev
FN:223,223,_ZN44ForwardListCoverage_LoadNonexistentFile_TestD0Ev
FN:223,223,_ZN44ForwardListCoverage_LoadNonexistentFile_TestD2Ev
FN:231,238,_ZL13captureOutputSt8functionIFvvEE
FN:242,242,_ZN26DoublyList_AddAndFind_Test8TestBodyEv
FN:242,242,_ZN26DoublyList_AddAndFind_TestC2Ev
FN:242,242,_ZN26DoublyList_AddAndFind_TestD0Ev
FN:242,242,_ZN26DoublyList_AddAndFind_TestD2Ev
FN:257,270,_ZN33DoublyList_AddAfterAndBefore_Test8TestBodyEv
FN:257,270,_ZN33DoublyList_AddAfterAndBefore_TestC2Ev
FN:257,270,_ZN33DoublyList_AddAfterAndBefore_TestD0Ev
FN:257,270,_ZN33DoublyList_AddAfterAndBefore_TestD2Ev
FN:27,27,_ZN35ForwardListTest_AddBeforeAfter_Test8TestBodyEv
FN:27,27,_ZN35ForwardListTest_AddBeforeAfter_TestC2Ev
FN:27,27,_ZN35ForwardListTest_AddBeforeAfter_TestD0Ev
FN:27,27,_ZN35ForwardListTest_AddBeforeAfter_TestD2Ev
FN:272,272,_ZN35DoublyList_AddAfterBeforeEmpty_Test8TestBodyEv
FN:272,272,_ZN35DoublyList_AddAfterBeforeEmpty_TestC2Ev
FN:272,272,_ZN35DoublyList_AddAfterBeforeEmpty_TestD0Ev
FN:272,272,_ZN35DoublyList_AddAfterBeforeEmpty_TestD2Ev
FN:276,279,_ZZN35DoublyList_AddAfterBeforeEmpty_Test8TestBodyEvENKUlvE_clEv
FN:286,286,_ZN33DoublyList_DeleteAllVariants_Test8TestBodyEv
FN:286,286,_ZN33DoublyList_DeleteAllVariants_TestC2Ev
FN:286,286,_ZN33DoublyList_DeleteAllVariants_TestD0Ev
FN:286,286,_ZN33DoublyList_DeleteAllVariants_TestD2Ev
FN:302,316,_ZN33DoublyList_DeleteAfterBefore_Test8TestBodyEv
FN:302,316,_ZN33DoublyList_DeleteAfterBefore_TestC2Ev
FN:302,316,_ZN33DoublyList_DeleteAfterBefore_TestD0Ev
FN:302,316,_ZN33DoublyList_DeleteAfterBefore_TestD2Ev
FN:318,318,_ZN31DoublyList_DeleteEdgeCases_Test8TestBodyEv
FN:318,318,_ZN31DoublyList_DeleteEdgeCases_TestC2Ev
FN:318,318,_ZN31DoublyList_DeleteEdgeCases_TestD0Ev
FN:318,318,_ZN31DoublyList_DeleteEdgeCases_TestD2Ev
FN:322,328,_ZZN31DoublyList_DeleteEdgeCases_Test8TestBodyEvENKUlvE_clEv
FN:335,335,_ZN21DoublyList_Print_Test8TestBodyEv
FN:335,335,_ZN21DoublyList_Print_TestC2Ev
FN:335,335,_ZN21DoublyList_Print_TestD0Ev
FN:335,335,_ZN21DoublyList_Print_TestD2Ev
FN:341,341,_ZZN21DoublyList_Print_Test8TestBodyEvENKUlvE_clEv
FN:342,342,_ZZN21DoublyList_Print_Test8TestBodyEvENKUlvE0_clEv
FN:348,348,_ZN26DoublyList_PrintEmpty_Test8TestBodyEv
FN:348,348,_ZN26DoublyList_PrintEmpty_TestC2Ev
FN:348,348,_ZN26DoublyList_PrintEmpty_TestD0Ev
FN:348,348,_ZN26DoublyList_PrintEmpty_TestD2Ev
FN:351,351,_ZZN26DoublyList_PrintEmpty_Test8TestBodyEvENKUlvE_clEv
FN:357,357,_ZN24DoublyList_SaveLoad_Test8TestBodyEv
FN:357,357,_ZN24DoublyList_SaveLoad_TestC2Ev
FN:357,357,_ZN24DoublyList_SaveLoad_TestD0Ev
FN:357,357,_ZN24DoublyList_SaveLoad_TestD2Ev
FN:374,378,_ZN31DoublyList_LoadMissingFile_Test8TestBodyEv
FN:374,378,_ZN31DoublyList_LoadMissingFile_TestC2Ev
FN:374,378,_ZN31DoublyList_LoadMissingFile_TestD0Ev
FN:374,378,_ZN31DoublyList_LoadMissingFile_TestD2Ev
FN:382,389,_ZL10captureOutSt8functionIFvvEE
FN:393,404,_ZN29ArrayTest_PushBackAndGet_Test8TestBodyEv
FN:393,404,_ZN29ArrayTest_PushBackAndGet_TestC2Ev
FN:393,404,_ZN29ArrayTest_PushBackAndGet_TestD0Ev
FN:393,404,_ZN29ArrayTest_PushBackAndGet_TestD2Ev
FN:408,418,_ZN26ArrayTest_InsertValid_Test8TestBodyEv
FN:408,418,_ZN26ArrayTest_InsertValid_TestC2Ev
FN:408,418,_ZN26ArrayTest_InsertValid_TestD0Ev
FN:408,418,_ZN26ArrayTest_InsertValid_TestD2Ev
FN:41,41,_ZN37ForwardListTest_DeleteOperations_Test8TestBodyEv
FN:41,41,_ZN37ForwardListTest_DeleteOperations_TestC2Ev
FN:41,41,_ZN37ForwardListTest_DeleteOperations_TestD0Ev
FN:41,41,_ZN37ForwardListTest_DeleteOperations_TestD2Ev
FN:420,429,_ZN28ArrayTest_InsertInvalid_Test8TestBodyEv
FN:420,429,_ZN28ArrayTest_InsertInvalid_TestC2Ev
FN:420,429,_ZN28ArrayTest_InsertInvalid_TestD0Ev
FN:420,429,_ZN28ArrayTest_InsertInvalid_TestD2Ev
FN:423,426,_ZZN28ArrayTest_InsertInvalid_Test8TestBodyEvENKUlvE_clEv
FN:433,433,_ZN26ArrayTest_DeleteValid_Test8TestBodyEv
FN:433,433,_ZN26ArrayTest_DeleteValid_TestC2Ev
FN:433,433,_ZN26ArrayTest_DeleteValid_TestD0Ev
FN:433,433,_ZN26ArrayTest_DeleteValid_TestD2Ev
FN:446,458,_ZN36ArrayTest_DeleteInvalidAndEmpty_Test8TestBodyEv
FN:446,458,_ZN36ArrayTest_DeleteInvalidAndEmpty_TestC2Ev
FN:446,458,_ZN36ArrayTest_DeleteInvalidAndEmpty_TestD0Ev
FN:446,458,_ZN36ArrayTest_DeleteInvalidAndEmpty_TestD2Ev
FN:450,454,_ZZN36ArrayTest_DeleteInvalidAndEmpty_Test8TestBodyEvENKUlvE_clEv
FN:462,471,_ZN22ArrayTest_Replace_Test8TestBodyEv
FN:462,471,_ZN22ArrayTest_Replace_TestC2Ev
FN:462,471,_ZN22ArrayTest_Replace_TestD0Ev
FN:462,471,_ZN22ArrayTest_Replace_TestD2Ev
FN:475,475,_ZN20ArrayTest_Print_Test8TestBodyEv
FN:475,475,_ZN20ArrayTest_Print_TestC2Ev
FN:475,475,_ZN20ArrayTest_Print_TestD0Ev
FN:475,475,_ZN20ArrayTest_Print_TestD2Ev
FN:481,481,_ZZN20ArrayTest_Print_Test8TestBodyEvENKUlvE_clEv
FN:487,493,_ZN25ArrayTest_PrintEmpty_Test8TestBodyEv
FN:487,493,_ZN25ArrayTest_PrintEmpty_TestC2Ev
FN:487,493,_ZN25ArrayTest_PrintEmpty_TestD0Ev
FN:487,493,_ZN25ArrayTest_PrintEmpty_TestD2Ev
FN:490,490,_ZZN25ArrayTest_PrintEmpty_Test8TestBodyEvENKUlvE_clEv
FN:497,513,_ZN23ArrayTest_SaveLoad_Test8TestBodyEv
FN:497,513,_ZN23ArrayTest_SaveLoad_TestC2Ev
FN:497,513,_ZN23ArrayTest_SaveLoad_TestD0Ev
FN:497,513,_ZN23ArrayTest_SaveLoad_TestD2Ev
FN:515,515,_ZN30ArrayTest_LoadMissingFile_Test8TestBodyEv
FN:515,515,_ZN30ArrayTest_LoadMissingFile_TestC2Ev
FN:515,515,_ZN30ArrayTest_LoadMissingFile_TestD0Ev
FN:515,515,_ZN30ArrayTest_LoadMissingFile_TestD2Ev
FN:523,527,_ZN28QueueTest_EmptyOnCreate_Test8TestBodyEv
FN:523,527,_ZN28QueueTest_EmptyOnCreate_TestC2Ev
FN:523,527,_ZN28QueueTest_EmptyOnCreate_TestD0Ev
FN:523,527,_ZN28QueueTest_EmptyOnCreate_TestD2Ev
FN:531,539,_ZN28QueueTest_PushPopSingle_Test8TestBodyEv
FN:531,539,_ZN28QueueTest_PushPopSingle_TestC2Ev
FN:531,539,_ZN28QueueTest_PushPopSingle_TestD0Ev
FN:531,539,_ZN28QueueTest_PushPopSingle_TestD2Ev
FN:541,552,_ZN30QueueTest_PushPopMultiple_Test8TestBodyEv
FN:541,552,_ZN30QueueTest_PushPopMultiple_TestC2Ev
FN:541,552,_ZN30QueueTest_PushPopMultiple_TestD0Ev
FN:541,552,_ZN30QueueTest_PushPopMultiple_TestD2Ev
FN:556,556,_ZN23QueueTest_PopEmpty_Test8TestBodyEv
FN:556,556,_ZN23QueueTest_PopEmpty_TestC2Ev
FN:556,556,_ZN23QueueTest_PopEmpty_TestD0Ev
FN:556,556,_ZN23QueueTest_PopEmpty_TestD2Ev
FN:562,562,_ZN25QueueTest_PrintEmpty_Test8TestBodyEv
FN:562,562,_ZN25QueueTest_PrintEmpty_TestC2Ev
FN:562,562,_ZN25QueueTest_PrintEmpty_TestD0Ev
FN:562,562,_ZN25QueueTest_PrintEmpty_TestD2Ev
FN:565,565,_ZZN25QueueTest_PrintEmpty_Test8TestBodyEvENKUlvE_clEv
FN:570,570,_ZN28QueueTest_PrintNonEmpty_Test8TestBodyEv
FN:570,570,_ZN28QueueTest_PrintNonEmpty_TestC2Ev
FN:570,570,_ZN28QueueTest_PrintNonEmpty_TestD0Ev
FN:570,570,_ZN28QueueTest_PrintNonEmpty_TestD2Ev
FN:576,576,_ZZN28QueueTest_PrintNonEmpty_Test8TestBodyEvENKUlvE_clEv
FN:582,600,_ZN23QueueTest_SaveLoad_Test8TestBodyEv
FN:582,600,_ZN23QueueTest_SaveLoad_TestC2Ev
FN:582,600,_ZN23QueueTest_SaveLoad_TestD0Ev
FN:582,600,_ZN23QueueTest_SaveLoad_TestD2Ev
FN:59,59,_ZN35ForwardListTest_FindAndAddNode_Test8TestBodyEv
FN:59,59,_ZN35ForwardListTest_FindAndAddNode_TestC2Ev
FN:59,59,_ZN35ForwardListTest_FindAndAddNode_TestD0Ev
FN:59,59,_ZN35ForwardListTest_FindAndAddNode_TestD2Ev
FN:602,607,_ZN30QueueTest_LoadMissingFile_Test8TestBodyEv
FN:602,607,_ZN30QueueTest_LoadMissingFile_TestC2Ev
FN:602,607,_ZN30QueueTest_LoadMissingFile_TestD0Ev
FN:602,607,_ZN30QueueTest_LoadMissingFile_TestD2Ev
FN:609,609,_ZN32QueueTest_DestructorCleanup_Test8TestBodyEv
FN:609,609,_ZN32QueueTest_DestructorCleanup_TestC2Ev
FN:609,609,_ZN32QueueTest_DestructorCleanup_TestD0Ev
FN:609,609,_ZN32QueueTest_DestructorCleanup_TestD2Ev
FN:620,620,_ZN28StackTest_EmptyOnCreate_Test8TestBodyEv
FN:620,620,_ZN28StackTest_EmptyOnCreate_TestC2Ev
FN:620,620,_ZN28StackTest_EmptyOnCreate_TestD0Ev
FN:620,620,_ZN28StackTest_EmptyOnCreate_TestD2Ev
FN:627,627,_ZN25StackTest_PushPopTop_Test8TestBodyEv
FN:627,627,_ZN25StackTest_PushPopTop_TestC2Ev
FN:627,627,_ZN25StackTest_PushPopTop_TestD0Ev
FN:627,627,_ZN25StackTest_PushPopTop_TestD2Ev
FN:641,649,_ZN25StackTest_ClearStack_Test8TestBodyEv
FN:641,649,_ZN25StackTest_ClearStack_TestC2Ev
FN:641,649,_ZN25StackTest_ClearStack_TestD0Ev
FN:641,649,_ZN25StackTest_ClearStack_TestD2Ev
FN:653,664,_ZN28StackTest_PrintNonEmpty_Test8TestBodyEv
FN:653,664,_ZN28StackTest_PrintNonEmpty_TestC2Ev
FN:653,664,_ZN28StackTest_PrintNonEmpty_TestD0Ev
FN:653,664,_ZN28StackTest_PrintNonEmpty_TestD2Ev
FN:666,666,_ZN25StackTest_PrintEmpty_Test8TestBodyEv
FN:666,666,_ZN25StackTest_PrintEmpty_TestC2Ev
FN:666,666,_ZN25StackTest_PrintEmpty_TestD0Ev
FN:666,666,_ZN25StackTest_PrintEmpty_TestD2Ev
FN:677,677,_ZN26StackTest_SaveAndLoad_Test8TestBodyEv
FN:677,677,_ZN26StackTest_SaveAndLoad_TestC2Ev
FN:677,677,_ZN26StackTest_SaveAndLoad_TestD0Ev
FN:677,677,_ZN26StackTest_SaveAndLoad_TestD2Ev
FN:695,695,_ZN34StackTest_LoadFromMissingFile_Test8TestBodyEv
FN:695,695,_ZN34StackTest_LoadFromMissingFile_TestC2Ev
FN:695,695,_ZN34StackTest_LoadFromMissingFile_TestD0Ev
FN:695,695,_ZN34StackTest_LoadFromMissingFile_TestD2Ev
FN:707,712,_ZN29BinaryTreeTest_EmptyTree_Test8TestBodyEv
FN:707,712,_ZN29BinaryTreeTest_EmptyTree_TestC2Ev
FN:707,712,_ZN29BinaryTreeTest_EmptyTree_TestD0Ev
FN:707,712,_ZN29BinaryTreeTest_EmptyTree_TestD2Ev
FN:716,716,_ZN35BinaryTreeTest_InsertAndSearch_Test8TestBodyEv
FN:716,716,_ZN35BinaryTreeTest_InsertAndSearch_TestC2Ev
FN:716,716,_ZN35BinaryTreeTest_InsertAndSearch_TestD0Ev
FN:716,716,_ZN35BinaryTreeTest_InsertAndSearch_TestD2Ev
FN:73,89,_ZN35ForwardListTest_PrintFunctions_Test8TestBodyEv
FN:73,89,_ZN35ForwardListTest_PrintFunctions_TestC2Ev
FN:73,89,_ZN35ForwardListTest_PrintFunctions_TestD0Ev
FN:73,89,_ZN35ForwardListTest_PrintFunctions_TestD2Ev
FN:732,732,_ZN34BinaryTreeTest_IsCompleteTrue_Test8TestBodyEv
FN:732,732,_ZN34BinaryTreeTest_IsCompleteTrue_TestC2Ev
FN:732,732,_ZN34BinaryTreeTest_IsCompleteTrue_TestD0Ev
FN:732,732,_ZN34BinaryTreeTest_IsCompleteTrue_TestD2Ev
FN:745,745,_ZN33BinaryTreeTest_PrintNonEmpty_Test8TestBodyEv
FN:745,745,_ZN33BinaryTreeTest_PrintNonEmpty_TestC2Ev
FN:745,745,_ZN33BinaryTreeTest_PrintNonEmpty_TestD0Ev
FN:745,745,_ZN33BinaryTreeTest_PrintNonEmpty_TestD2Ev
FN:760,760,_ZN31BinaryTreeTest_SaveAndLoad_Test8TestBodyEv
FN:760,760,_ZN31BinaryTreeTest_SaveAndLoad_TestC2Ev
FN:760,760,_ZN31BinaryTreeTest_SaveAndLoad_TestD0Ev
FN:760,760,_ZN31BinaryTreeTest_SaveAndLoad_TestD2Ev
FN:780,780,_ZN33BinaryTreeTest_SaveEmptyTree_Test8TestBodyEv
FN:780,780,_ZN33BinaryTreeTest_SaveEmptyTree_TestC2Ev
FN:780,780,_ZN33BinaryTreeTest_SaveEmptyTree_TestD0Ev
FN:780,780,_ZN33BinaryTreeTest_SaveEmptyTree_TestD2Ev
FN:786,786,_ZN35BinaryTreeTest_LoadMissingFile_Test8TestBodyEv
FN:786,786,_ZN35BinaryTreeTest_LoadMissingFile_TestC2Ev
FN:786,786,_ZN35BinaryTreeTest_LoadMissingFile_TestD0Ev
FN:786,786,_ZN35BinaryTreeTest_LoadMissingFile_TestD2Ev
FN:794,794,_ZN34ChainHashTableTest_EmptyTable_Test8TestBodyEv
FN:794,794,_ZN34ChainHashTableTest_EmptyTable_TestC2Ev
FN:794,794,_ZN34ChainHashTableTest_EmptyTable_TestD0Ev
FN:794,794,_ZN34ChainHashTableTest_EmptyTable_TestD2Ev
FN:802,812,_ZN36ChainHashTableTest_InsertAndGet_Test8TestBodyEv
FN:802,812,_ZN36ChainHashTableTest_InsertAndGet_TestC2Ev
FN:802,812,_ZN36ChainHashTableTest_InsertAndGet_TestD0Ev
FN:802,812,_ZN36ChainHashTableTest_InsertAndGet_TestD2Ev
FN:816,816,_ZN39ChainHashTableTest_InsertDuplicate_Test8TestBodyEv
FN:816,816,_ZN39ChainHashTableTest_InsertDuplicate_TestC2Ev
FN:816,816,_ZN39ChainHashTableTest_InsertDuplicate_TestD0Ev
FN:816,816,_ZN39ChainHashTableTest_InsertDuplicate_TestD2Ev
FN:826,826,_ZN41ChainHashTableTest_CollisionHandling_Test8TestBodyEv
FN:826,826,_ZN41ChainHashTableTest_CollisionHandling_TestC2Ev
FN:826,826,_ZN41ChainHashTableTest_CollisionHandling_TestD0Ev
FN:826,826,_ZN41ChainHashTableTest_CollisionHandling_TestD2Ev
FN:841,857,_ZN38ChainHashTableTest_RemoveElements_Test8TestBodyEv
FN:841,857,_ZN38ChainHashTableTest_RemoveElements_TestC2Ev
FN:841,857,_ZN38ChainHashTableTest_RemoveElements_TestD0Ev
FN:841,857,_ZN38ChainHashTableTest_RemoveElements_TestD2Ev
FN:861,861,_ZN40ChainHashTableTest_RemoveMissingKey_Test8TestBodyEv
FN:861,861,_ZN40ChainHashTableTest_RemoveMissingKey_TestC2Ev
FN:861,861,_ZN40ChainHashTableTest_RemoveMissingKey_TestD0Ev
FN:861,861,_ZN40ChainHashTableTest_RemoveMissingKey_TestD2Ev
FN:869,878,_ZN40OpenHashTableTest_InsertGetContains_Test8TestBodyEv
FN:869,878,_ZN40OpenHashTableTest_InsertGetContains_TestC2Ev
FN:869,878,_ZN40OpenHashTableTest_InsertGetContains_TestD0Ev
FN:869,878,_ZN40OpenHashTableTest_InsertGetContains_TestD2Ev
FN:882,882,_ZN43OpenHashTableTest_CollisionAndOverflow_Test8TestBodyEv
FN:882,882,_ZN43OpenHashTableTest_CollisionAndOverflow_TestC2Ev
FN:882,882,_ZN43OpenHashTableTest_CollisionAndOverflow_TestD0Ev
FN:882,882,_ZN43OpenHashTableTest_CollisionAndOverflow_TestD2Ev
FN:893,893,_ZN44OpenHashTableTest_RemoveAndStopOnUnused_Test8TestBodyEv
FN:893,893,_ZN44OpenHashTableTest_RemoveAndStopOnUnused_TestC2Ev
FN:893,893,_ZN44OpenHashTableTest_RemoveAndStopOnUnused_TestD0Ev
FN:893,893,_ZN44OpenHashTableTest_RemoveAndStopOnUnused_TestD2Ev
FN:907,907,_ZN33OpenHashTableTest_EmptyTable_Test8TestBodyEv
FN:907,907,_ZN33OpenHashTableTest_EmptyTable_TestC2Ev
FN:907,907,_ZN33OpenHashTableTest_EmptyTable_TestD0Ev
FN:907,907,_ZN33OpenHashTableTest_EmptyTable_TestD2Ev
FN:915,915,_ZN33OpenHashTableTest_PrintTable_Test8TestBodyEv
FN:915,915,_ZN33OpenHashTableTest_PrintTable_TestC2Ev
FN:915,915,_ZN33OpenHashTableTest_PrintTable_TestD0Ev
FN:915,915,_ZN33OpenHashTableTest_PrintTable_TestD2Ev
FN:93,93,_ZN29ForwardListTest_SaveLoad_Test8TestBodyEv
FN:93,93,_ZN29ForwardListTest_SaveLoad_TestC2Ev
FN:93,93,_ZN29ForwardListTest_SaveLoad_TestD0Ev
FN:93,93,_ZN29ForwardListTest_SaveLoad_TestD2Ev
FN:933,933,_ZN46OpenHashTableTest_DebugIndexDeterministic_Test8TestBodyEv
FN:933,933,_ZN46OpenHashTableTest_DebugIndexDeterministic_TestC2Ev
FN:933,933,_ZN46OpenHashTableTest_DebugIndexDeterministic_TestD0Ev
FN:933,933,_ZN46OpenHashTableTest_DebugIndexDeterministic_TestD2Ev
FNDA:1,_ZN31ForwardListTest_EmptyCases_Test8TestBodyEv
FNDA:1,_ZN31ForwardListTest_EmptyCases_TestC2Ev
FNDA:1,_ZN31ForwardListTest_EmptyCases_TestD0Ev
FNDA:1,_ZN31ForwardListTest_EmptyCases_TestD2Ev
FNDA:1,_ZN40ForwardListTest_AddHeadTailContains_Test8TestBodyEv
FNDA:1,_ZN40ForwardListTest_AddHeadTailContains_TestC2Ev
FNDA:1,_ZN40ForwardListTest_AddHeadTailContains_TestD0Ev
FNDA:1,_ZN40ForwardListTest_AddHeadTailContains_TestD2Ev
FNDA:1,_ZN42ForwardListCoverage_EmptyListBranches_Test8TestBodyEv
FNDA:1,_ZN42ForwardListCoverage_EmptyListBranches_TestC2Ev
FNDA:1,_ZN42ForwardListCoverage_EmptyListBranches_TestD0Ev
FNDA:1,_ZN42ForwardListCoverage_EmptyListBranches_TestD2Ev
FNDA:1,_ZN43ForwardListCoverage_AddBeforeEdgeCases_Test8TestBodyEv
FNDA:1,_ZN43ForwardListCoverage_AddBeforeEdgeCases_TestC2Ev
FNDA:1,_ZN43ForwardListCoverage_AddBeforeEdgeCases_TestD0Ev
FNDA:1,_ZN43ForwardListCoverage_AddBeforeEdgeCases_TestD2Ev
FNDA:1,_ZN36ForwardListCoverage_FindNullptr_Test8TestBodyEv
FNDA:1,_ZN36ForwardListCoverage_FindNullptr_TestC2Ev
FNDA:1,_ZN36ForwardListCoverage_FindNullptr_TestD0Ev
FNDA:1,_ZN36ForwardListCoverage_FindNullptr_TestD2Ev
FNDA:1,_ZN37ForwardListCoverage_PrintByValue_Test8TestBodyEv
FNDA:1,_ZN37ForwardListCoverage_PrintByValue_TestC2Ev
FNDA:1,_ZN37ForwardListCoverage_PrintByValue_TestD0Ev
FNDA:1,_ZN37ForwardListCoverage_PrintByValue_TestD2Ev
FNDA:1,_ZN44ForwardListCoverage_PrintReverseNullptr_Test8TestBodyEv
FNDA:1,_ZN44ForwardListCoverage_PrintReverseNullptr_TestC2Ev
FNDA:1,_ZN44ForwardListCoverage_PrintReverseNullptr_TestD0Ev
FNDA:1,_ZN44ForwardListCoverage_PrintReverseNullptr_TestD2Ev
FNDA:1,_ZN44ForwardListCoverage_LoadNonexistentFile_Test8TestBodyEv
FNDA:1,_ZN44ForwardListCoverage_LoadNonexistentFile_TestC2Ev
FNDA:1,_ZN44ForwardListCoverage_LoadNonexistentFile_TestD0Ev
FNDA:1,_ZN44ForwardListCoverage_LoadNonexistentFile_TestD2Ev
FNDA:5,_ZL13captureOutputSt8functionIFvvEE
FNDA:1,_ZN26DoublyList_AddAndFind_Test8TestBodyEv
FNDA:1,_ZN26DoublyList_AddAndFind_TestC2Ev
FNDA:1,_ZN26DoublyList_AddAndFind_TestD0Ev
FNDA:1,_ZN26DoublyList_AddAndFind_TestD2Ev
FNDA:1,_ZN33DoublyList_AddAfterAndBefore_Test8TestBodyEv
FNDA:1,_ZN33DoublyList_AddAfterAndBefore_TestC2Ev
FNDA:1,_ZN33DoublyList_AddAfterAndBefore_TestD0Ev
FNDA:1,_ZN33DoublyList_AddAfterAndBefore_TestD2Ev
FNDA:1,_ZN35ForwardListTest_AddBeforeAfter_Test8TestBodyEv
FNDA:1,_ZN35ForwardListTest_AddBeforeAfter_TestC2Ev
FNDA:1,_ZN35ForwardListTest_AddBeforeAfter_TestD0Ev
FNDA:1,_ZN35ForwardListTest_AddBeforeAfter_TestD2Ev
FNDA:1,_ZN35DoublyList_AddAfterBeforeEmpty_Test8TestBodyEv
FNDA:1,_ZN35DoublyList_AddAfterBeforeEmpty_TestC2Ev
FNDA:1,_ZN35DoublyList_AddAfterBeforeEmpty_TestD0Ev
FNDA:1,_ZN35DoublyList_AddAfterBeforeEmpty_TestD2Ev
FNDA:1,_ZZN35DoublyList_AddAfterBeforeEmpty_Test8TestBodyEvENKUlvE_clEv
FNDA:1,_ZN33DoublyList_DeleteAllVariants_Test8TestBodyEv
FNDA:1,_ZN33DoublyList_DeleteAllVariants_TestC2Ev
FNDA:1,_ZN33DoublyList_DeleteAllVariants_TestD0Ev
FNDA:1,_ZN33DoublyList_DeleteAllVariants_TestD2Ev
FNDA:1,_ZN33DoublyList_DeleteAfterBefore_Test8TestBodyEv
FNDA:1,_ZN33DoublyList_DeleteAfterBefore_TestC2Ev
FNDA:1,_ZN33DoublyList_DeleteAfterBefore_TestD0Ev
FNDA:1,_ZN33DoublyList_DeleteAfterBefore_TestD2Ev
FNDA:1,_ZN31DoublyList_DeleteEdgeCases_Test8TestBodyEv
FNDA:1,_ZN31DoublyList_DeleteEdgeCases_TestC2Ev
FNDA:1,_ZN31DoublyList_DeleteEdgeCases_TestD0Ev
FNDA:1,_ZN31DoublyList_DeleteEdgeCases_TestD2Ev
FNDA:1,_ZZN31DoublyList_DeleteEdgeCases_Test8TestBodyEvENKUlvE_clEv
FNDA:1,_ZN21DoublyList_Print_Test8TestBodyEv
FNDA:1,_ZN21DoublyList_Print_TestC2Ev
FNDA:1,_ZN21DoublyList_Print_TestD0Ev
FNDA:1,_ZN21DoublyList_Print_TestD2Ev
FNDA:1,_ZZN21DoublyList_Print_Test8TestBodyEvENKUlvE_clEv
FNDA:1,_ZZN21DoublyList_Print_Test8TestBodyEvENKUlvE0_clEv
FNDA:1,_ZN26DoublyList_PrintEmpty_Test8TestBodyEv
FNDA:1,_ZN26DoublyList_PrintEmpty_TestC2Ev
FNDA:1,_ZN26DoublyList_PrintEmpty_TestD0Ev
FNDA:1,_ZN26DoublyList_PrintEmpty_TestD2Ev
FNDA:1,_ZZN26DoublyList_PrintEmpty_Test8TestBodyEvENKUlvE_clEv
FNDA:1,_ZN24DoublyList_SaveLoad_Test8TestBodyEv
FNDA:1,_ZN24DoublyList_SaveLoad_TestC2Ev
FNDA:1,_ZN24DoublyList_SaveLoad_TestD0Ev
FNDA:1,_ZN24DoublyList_SaveLoad_TestD2Ev
FNDA:1,_ZN31DoublyList_LoadMissingFile_Test8TestBodyEv
FNDA:1,_ZN31DoublyList_LoadMissingFile_TestC2Ev
FNDA:1,_ZN31DoublyList_LoadMissingFile_TestD0Ev
FNDA:1,_ZN31DoublyList_LoadMissingFile_TestD2Ev
FNDA:6,_ZL10captureOutSt8functionIFvvEE
FNDA:1,_ZN29ArrayTest_PushBackAndGet_Test8TestBodyEv
FNDA:1,_ZN29ArrayTest_PushBackAndGet_TestC2Ev
FNDA:1,_ZN29ArrayTest_PushBackAndGet_TestD0Ev
FNDA:1,_ZN29ArrayTest_PushBackAndGet_TestD2Ev
FNDA:1,_ZN26ArrayTest_InsertValid_Test8TestBodyEv
FNDA:1,_ZN26ArrayTest_InsertValid_TestC2Ev
FNDA:1,_ZN26ArrayTest_InsertValid_TestD0Ev
FNDA:1,_ZN26ArrayTest_InsertValid_TestD2Ev
FNDA:1,_ZN37ForwardListTest_DeleteOperations_Test8TestBodyEv
FNDA:1,_ZN37ForwardListTest_DeleteOperations_TestC2Ev
FNDA:1,_ZN37ForwardListTest_DeleteOperations_TestD0Ev
FNDA:1,_ZN37ForwardListTest_DeleteOperations_TestD2Ev
FNDA:1,_ZN28ArrayTest_InsertInvalid_Test8TestBodyEv
FNDA:1,_ZN28ArrayTest_InsertInvalid_TestC2Ev
FNDA:1,_ZN28ArrayTest_InsertInvalid_TestD0Ev
FNDA:1,_ZN28ArrayTest_InsertInvalid_TestD2Ev
FNDA:1,_ZZN28ArrayTest_InsertInvalid_Test8TestBodyEvENKUlvE_clEv
FNDA:1,_ZN26ArrayTest_DeleteValid_Test8TestBodyEv
FNDA:1,_ZN26ArrayTest_DeleteValid_TestC2Ev
FNDA:1,_ZN26ArrayTest_DeleteValid_TestD0Ev
FNDA:1,_ZN26ArrayTest_DeleteValid_TestD2Ev
FNDA:1,_ZN36ArrayTest_DeleteInvalidAndEmpty_Test8TestBodyEv
FNDA:1,_ZN36ArrayTest_DeleteInvalidAndEmpty_TestC2Ev
FNDA:1,_ZN36ArrayTest_DeleteInvalidAndEmpty_TestD0Ev
FNDA:1,_ZN36ArrayTest_DeleteInvalidAndEmpty_TestD2Ev
FNDA:1,_ZZN36ArrayTest_DeleteInvalidAndEmpty_Test8TestBodyEvENKUlvE_clEv
FNDA:1,_ZN22ArrayTest_Replace_Test8TestBodyEv
FNDA:1,_ZN22ArrayTest_Replace_TestC2Ev
FNDA:1,_ZN22ArrayTest_Replace_TestD0Ev
FNDA:1,_ZN22ArrayTest_Replace_TestD2Ev
FNDA:1,_ZN20ArrayTest_Print_Test8TestBodyEv
FNDA:1,_ZN20ArrayTest_Print_TestC2Ev
FNDA:1,_ZN20ArrayTest_Print_TestD0Ev
FNDA:1,_ZN20ArrayTest_Print_TestD2Ev
FNDA:1,_ZZN20ArrayTest_Print_Test8TestBodyEvENKUlvE_clEv
FNDA:1,_ZN25ArrayTest_PrintEmpty_Test8TestBodyEv
FNDA:1,_ZN25ArrayTest_PrintEmpty_TestC2Ev
FNDA:1,_ZN25ArrayTest_PrintEmpty_TestD0Ev
FNDA:1,_ZN25ArrayTest_PrintEmpty_TestD2Ev
FNDA:1,_ZZN25ArrayTest_PrintEmpty_Test8TestBodyEvENKUlvE_clEv
FNDA:1,_ZN23ArrayTest_SaveLoad_Test8TestBodyEv
FNDA:1,_ZN23ArrayTest_SaveLoad_TestC2Ev
FNDA:1,_ZN23ArrayTest_SaveLoad_TestD0Ev
FNDA:1,_ZN23ArrayTest_SaveLoad_TestD2Ev
FNDA:1,_ZN30ArrayTest_LoadMissingFile_Test8TestBodyEv
FNDA:1,_ZN30ArrayTest_LoadMissingFile_TestC2Ev
FNDA:1,_ZN30ArrayTest_LoadMissingFile_TestD0Ev
FNDA:1,_ZN30ArrayTest_LoadMissingFile_TestD2Ev
FNDA:1,_ZN28QueueTest_EmptyOnCreate_Test8TestBodyEv
FNDA:1,_ZN28QueueTest_EmptyOnCreate_TestC2Ev
FNDA:1,_ZN28QueueTest_EmptyOnCreate_TestD0Ev
FNDA:1,_ZN28QueueTest_EmptyOnCreate_TestD2Ev
FNDA:1,_ZN28QueueTest_PushPopSingle_Test8TestBodyEv
FNDA:1,_ZN28QueueTest_PushPopSingle_TestC2Ev
FNDA:1,_ZN28QueueTest_PushPopSingle_TestD0Ev
FNDA:1,_ZN28QueueTest_PushPopSingle_TestD2Ev
FNDA:1,_ZN30QueueTest_PushPopMultiple_Test8TestBodyEv
FNDA:1,_ZN30QueueTest_PushPopMultiple_TestC2Ev
FNDA:1,_ZN30QueueTest_PushPopMultiple_TestD0Ev
FNDA:1,_ZN30QueueTest_PushPopMultiple_TestD2Ev
FNDA:1,_ZN23QueueTest_PopEmpty_Test8TestBodyEv
FNDA:1,_ZN23QueueTest_PopEmpty_TestC2Ev
FNDA:1,_ZN23QueueTest_PopEmpty_TestD0Ev
FNDA:1,_ZN23QueueTest_PopEmpty_TestD2Ev
FNDA:1,_ZN25QueueTest_PrintEmpty_Test8TestBodyEv
FNDA:1,_ZN25QueueTest_PrintEmpty_TestC2Ev
FNDA:1,_ZN25QueueTest_PrintEmpty_TestD0Ev
FNDA:1,_ZN25QueueTest_PrintEmpty_TestD2Ev
FNDA:1,_ZZN25QueueTest_PrintEmpty_Test8TestBodyEvENKUlvE_clEv
FNDA:1,_ZN28QueueTest_PrintNonEmpty_Test8TestBodyEv
FNDA:1,_ZN28QueueTest_PrintNonEmpty_TestC2Ev
FNDA:1,_ZN28QueueTest_PrintNonEmpty_TestD0Ev
FNDA:1,_ZN28QueueTest_PrintNonEmpty_TestD2Ev
FNDA:1,_ZZN28QueueTest_PrintNonEmpty_Test8TestBodyEvENKUlvE_clEv
FNDA:1,_ZN23QueueTest_SaveLoad_Test8TestBodyEv
FNDA:1,_ZN23QueueTest_SaveLoad_TestC2Ev
FNDA:1,_ZN23QueueTest_SaveLoad_TestD0Ev
FNDA:1,_ZN23QueueTest_SaveLoad_TestD2Ev
FNDA:1,_ZN35ForwardListTest_FindAndAddNode_Test8TestBodyEv
FNDA:1,_ZN35ForwardListTest_FindAndAddNode_TestC2Ev
FNDA:1,_ZN35ForwardListTest_FindAndAddNode_TestD0Ev
FNDA:1,_ZN35ForwardListTest_FindAndAddNode_TestD2Ev
FNDA:1,_ZN30QueueTest_LoadMissingFile_Test8TestBodyEv
FNDA:1,_ZN30QueueTest_LoadMissingFile_TestC2Ev
FNDA:1,_ZN30QueueTest_LoadMissingFile_TestD0Ev
FNDA:1,_ZN30QueueTest_LoadMissingFile_TestD2Ev
FNDA:1,_ZN32QueueTest_DestructorCleanup_Test8TestBodyEv
FNDA:1,_ZN32QueueTest_DestructorCleanup_TestC2Ev
FNDA:1,_ZN32QueueTest_DestructorCleanup_TestD0Ev
FNDA:1,_ZN32QueueTest_DestructorCleanup_TestD2Ev
FNDA:1,_ZN28StackTest_EmptyOnCreate_Test8TestBodyEv
FNDA:1,_ZN28StackTest_EmptyOnCreate_TestC2Ev
FNDA:1,_ZN28StackTest_EmptyOnCreate_TestD0Ev
FNDA:1,_ZN28StackTest_EmptyOnCreate_TestD2Ev
FNDA:1,_ZN25StackTest_PushPopTop_Test8TestBodyEv
FNDA:1,_ZN25StackTest_PushPopTop_TestC2Ev
FNDA:1,_ZN25StackTest_PushPopTop_TestD0Ev
FNDA:1,_ZN25StackTest_PushPopTop_TestD2Ev
FNDA:1,_ZN25StackTest_ClearStack_Test8TestBodyEv
FNDA:1,_ZN25StackTest_ClearStack_TestC2Ev
FNDA:1,_ZN25StackTest_ClearStack_TestD0Ev
FNDA:1,_ZN25StackTest_ClearStack_TestD2Ev
FNDA:1,_ZN28StackTest_PrintNonEmpty_Test8TestBodyEv
FNDA:1,_ZN28StackTest_PrintNonEmpty_TestC2Ev
FNDA:1,_ZN28StackTest_PrintNonEmpty_TestD0Ev
FNDA:1,_ZN28StackTest_PrintNonEmpty_TestD2Ev
FNDA:1,_ZN25StackTest_PrintEmpty_Test8TestBodyEv
FNDA:1,_ZN25StackTest_PrintEmpty_TestC2Ev
FNDA:1,_ZN25StackTest_PrintEmpty_TestD0Ev
FNDA:1,_ZN25StackTest_PrintEmpty_TestD2Ev
FNDA:1,_ZN26StackTest_SaveAndLoad_Test8TestBodyEv
FNDA:1,_ZN26StackTest_SaveAndLoad_TestC2Ev
FNDA:1,_ZN26StackTest_SaveAndLoad_TestD0Ev
FNDA:1,_ZN26StackTest_SaveAndLoad_TestD2Ev
FNDA:1,_ZN34StackTest_LoadFromMissingFile_Test8TestBodyEv
FNDA:1,_ZN34StackTest_LoadFromMissingFile_TestC2Ev
FNDA:1,_ZN34StackTest_LoadFromMissingFile_TestD0Ev
FNDA:1,_ZN34StackTest_LoadFromMissingFile_TestD2Ev
FNDA:1,_ZN29BinaryTreeTest_EmptyTree_Test8TestBodyEv
FNDA:1,_ZN29BinaryTreeTest_EmptyTree_TestC2Ev
FNDA:1,_ZN29BinaryTreeTest_EmptyTree_TestD0Ev
FNDA:1,_ZN29BinaryTreeTest_EmptyTree_TestD2Ev
FNDA:1,_ZN35BinaryTreeTest_InsertAndSearch_Test8TestBodyEv
FNDA:1,_ZN35BinaryTreeTest_InsertAndSearch_TestC2Ev
FNDA:1,_ZN35BinaryTreeTest_InsertAndSearch_TestD0Ev
FNDA:1,_ZN35BinaryTreeTest_InsertAndSearch_TestD2Ev
FNDA:1,_ZN35ForwardListTest_PrintFunctions_Test8TestBodyEv
FNDA:1,_ZN35ForwardListTest_PrintFunctions_TestC2Ev
FNDA:1,_ZN35ForwardListTest_PrintFunctions_TestD0Ev
FNDA:1,_ZN35ForwardListTest_PrintFunctions_TestD2Ev
FNDA:1,_ZN34BinaryTreeTest_IsCompleteTrue_Test8TestBodyEv
FNDA:1,_ZN34BinaryTreeTest_IsCompleteTrue_TestC2Ev
FNDA:1,_ZN34BinaryTreeTest_IsCompleteTrue_TestD0Ev
FNDA:1,_ZN34BinaryTreeTest_IsCompleteTrue_TestD2Ev
FNDA:1,_ZN33BinaryTreeTest_PrintNonEmpty_Test8TestBodyEv
FNDA:1,_ZN33BinaryTreeTest_PrintNonEmpty_TestC2Ev
FNDA:1,_ZN33BinaryTreeTest_PrintNonEmpty_TestD0Ev
FNDA:1,_ZN33BinaryTreeTest_PrintNonEmpty_TestD2Ev
FNDA:1,_ZN31BinaryTreeTest_SaveAndLoad_Test8TestBodyEv
FNDA:1,_ZN31BinaryTreeTest_SaveAndLoad_TestC2Ev
FNDA:1,_ZN31BinaryTreeTest_SaveAndLoad_TestD0Ev
FNDA:1,_ZN31BinaryTreeTest_SaveAndLoad_TestD2Ev
FNDA:1,_ZN33BinaryTreeTest_SaveEmptyTree_Test8TestBodyEv
FNDA:1,_ZN33BinaryTreeTest_SaveEmptyTree_TestC2Ev
FNDA:1,_ZN33BinaryTreeTest_SaveEmptyTree_TestD0Ev
FNDA:1,_ZN33BinaryTreeTest_SaveEmptyTree_TestD2Ev
FNDA:1,_ZN35BinaryTreeTest_LoadMissingFile_Test8TestBodyEv
FNDA:1,_ZN35BinaryTreeTest_LoadMissingFile_TestC2Ev
FNDA:1,_ZN35BinaryTreeTest_LoadMissingFile_TestD0Ev
FNDA:1,_ZN35BinaryTreeTest_LoadMissingFile_TestD2Ev
FNDA:1,_ZN34ChainHashTableTest_EmptyTable_Test8TestBodyEv
FNDA:1,_ZN34ChainHashTableTest_EmptyTable_TestC2Ev
FNDA:1,_ZN34ChainHashTableTest_EmptyTable_TestD0Ev
FNDA:1,_ZN34ChainHashTableTest_EmptyTable_TestD2Ev
FNDA:1,_ZN36ChainHashTableTest_InsertAndGet_Test8TestBodyEv
FNDA:1,_ZN36ChainHashTableTest_InsertAndGet_TestC2Ev
FNDA:1,_ZN36ChainHashTableTest_InsertAndGet_TestD0Ev
FNDA:1,_ZN36ChainHashTableTest_InsertAndGet_TestD2Ev
FNDA:1,_ZN39ChainHashTableTest_InsertDuplicate_Test8TestBodyEv
FNDA:1,_ZN39ChainHashTableTest_InsertDuplicate_TestC2Ev
FNDA:1,_ZN39ChainHashTableTest_InsertDuplicate_TestD0Ev
FNDA:1,_ZN39ChainHashTableTest_InsertDuplicate_TestD2Ev
FNDA:1,_ZN41ChainHashTableTest_CollisionHandling_Test8TestBodyEv
FNDA:1,_ZN41ChainHashTableTest_CollisionHandling_TestC2Ev
FNDA:1,_ZN41ChainHashTableTest_CollisionHandling_TestD0Ev
FNDA:1,_ZN41ChainHashTableTest_CollisionHandling_TestD2Ev
FNDA:1,_ZN38ChainHashTableTest_RemoveElements_Test8TestBodyEv
FNDA:1,_ZN38ChainHashTableTest_RemoveElements_TestC2Ev
FNDA:1,_ZN38ChainHashTableTest_RemoveElements_TestD0Ev
FNDA:1,_ZN38ChainHashTableTest_RemoveElements_TestD2Ev
FNDA:1,_ZN40ChainHashTableTest_RemoveMissingKey_Test8TestBodyEv
FNDA:1,_ZN40ChainHashTableTest_RemoveMissingKey_TestC2Ev
FNDA:1,_ZN40ChainHashTableTest_RemoveMissingKey_TestD0Ev
FNDA:1,_ZN40ChainHashTableTest_RemoveMissingKey_TestD2Ev
FNDA:1,_ZN40OpenHashTableTest_InsertGetContains_Test8TestBodyEv
FNDA:1,_ZN40OpenHashTableTest_InsertGetContains_TestC2Ev
FNDA:1,_ZN40OpenHashTableTest_InsertGetContains_TestD0Ev
FNDA:1,_ZN40OpenHashTableTest_InsertGetContains_TestD2Ev
FNDA:1,_ZN43OpenHashTableTest_CollisionAndOverflow_Test8TestBodyEv
FNDA:1,_ZN43OpenHashTableTest_CollisionAndOverflow_TestC2Ev
FNDA:1,_ZN43OpenHashTableTest_CollisionAndOverflow_TestD0Ev
FNDA:1,_ZN43OpenHashTableTest_CollisionAndOverflow_TestD2Ev
FNDA:1,_ZN44OpenHashTableTest_RemoveAndStopOnUnused_Test8TestBodyEv
FNDA:1,_ZN44OpenHashTableTest_RemoveAndStopOnUnused_TestC2Ev
FNDA:1,_ZN44OpenHashTableTest_RemoveAndStopOnUnused_TestD0Ev
FNDA:1,_ZN44OpenHashTableTest_RemoveAndStopOnUnused_TestD2Ev
FNDA:1,_ZN33OpenHashTableTest_EmptyTable_Test8TestBodyEv
FNDA:1,_ZN33OpenHashTableTest_EmptyTable_TestC2Ev
FNDA:1,_ZN33OpenHashTableTest_EmptyTable_TestD0Ev
FNDA:1,_ZN33OpenHashTableTest_EmptyTable_TestD2Ev
FNDA:1,_ZN33OpenHashTableTest_PrintTable_Test8TestBodyEv
FNDA:1,_ZN33OpenHashTableTest_PrintTable_TestC2Ev
FNDA:1,_ZN33OpenHashTableTest_PrintTable_TestD0Ev
FNDA:1,_ZN33OpenHashTableTest_PrintTable_TestD2Ev
FNDA:1,_ZN29ForwardListTest_SaveLoad_Test8TestBodyEv
FNDA:1,_ZN29ForwardListTest_SaveLoad_TestC2Ev
FNDA:1,_ZN29ForwardListTest_SaveLoad_TestD0Ev
FNDA:1,_ZN29ForwardListTest_SaveLoad_TestD2Ev
FNDA:1,_ZN46OpenHashTableTest_DebugIndexDeterministic_Test8TestBodyEv
FNDA:1,_ZN46OpenHashTableTest_DebugIndexDeterministic_TestC2Ev
FNDA:1,_ZN46OpenHashTableTest_DebugIndexDeterministic_TestD0Ev
FNDA:1,_ZN46OpenHashTableTest_DebugIndexDeterministic_TestD2Ev
FNF:285
FNH:285
DA:12,4
DA:13,1
DA:15,2
DA:16,2
DA:17,2
DA:19,2
DA:20,2
DA:21,2
DA:22,2
DA:23,1
DA:27,4
DA:28,1
DA:29,2
DA:30,2
DA:32,4
DA:33,3
DA:35,1
DA:36,7
DA:37,4
DA:41,4
DA:42,1
DA:43,2
DA:44,2
DA:45,1
DA:47,1
DA:48,2
DA:49,2
DA:50,2
DA:51,2
DA:53,2
DA:54,2
DA:55,1
DA:59,4
DA:60,1
DA:61,2
DA:62,2
DA:64,1
DA:65,1
DA:67,2
DA:68,2
DA:69,1
DA:73,4
DA:74,1
DA:75,2
DA:76,2
DA:77,1
DA:79,1
DA:80,1
DA:82,1
DA:83,1
DA:85,1
DA:87,1
DA:88,1
DA:89,1
DA:93,4
DA:94,1
DA:95,2
DA:96,2
DA:98,1
DA:100,1
DA:101,2
DA:103,2
DA:104,2
DA:106,1
DA:107,1
DA:111,4
DA:112,1
DA:114,1
DA:115,1
DA:116,2
DA:117,2
DA:118,1
DA:119,1
DA:121,3
DA:122,1
DA:124,4
DA:125,1
DA:127,4
DA:128,4
DA:129,2
DA:130,2
DA:131,1
DA:133,3
DA:134,1
DA:138,4
DA:139,1
DA:141,2
DA:144,4
DA:145,2
DA:147,1
DA:181,4
DA:182,1
DA:183,1
DA:185,3
DA:186,1
DA:190,4
DA:191,1
DA:192,2
DA:193,1
DA:195,1
DA:196,1
DA:198,1
DA:200,1
DA:202,1
DA:203,1
DA:204,1
DA:208,4
DA:209,1
DA:211,1
DA:212,1
DA:214,1
DA:216,1
DA:218,1
DA:219,1
DA:223,4
DA:224,1
DA:225,2
DA:227,2
DA:228,1
DA:231,5
DA:233,5
DA:234,5
DA:235,5
DA:236,5
DA:237,10
DA:238,5
DA:242,4
DA:244,1
DA:245,2
DA:246,2
DA:247,1
DA:249,3
DA:250,3
DA:251,3
DA:252,3
DA:253,1
DA:257,4
DA:259,1
DA:260,2
DA:261,2
DA:263,4
DA:264,4
DA:265,3
DA:267,3
DA:268,3
DA:269,3
DA:270,1
DA:272,4
DA:274,1
DA:276,1
DA:277,4
DA:278,4
DA:279,2
DA:281,1
DA:282,1
DA:286,4
DA:288,1
DA:289,2
DA:290,2
DA:291,1
DA:293,1
DA:294,1
DA:295,1
DA:297,3
DA:298,3
DA:299,3
DA:300,1
DA:302,4
DA:304,1
DA:305,2
DA:306,2
DA:307,2
DA:309,2
DA:310,2
DA:311,1
DA:313,3
DA:314,3
DA:315,3
DA:316,1
DA:318,4
DA:320,1
DA:322,1
DA:323,1
DA:324,1
DA:325,2
DA:326,2
DA:327,2
DA:328,2
DA:330,1
DA:331,1
DA:335,4
DA:337,1
DA:338,2
DA:339,1
DA:341,2
DA:342,2
DA:344,1
DA:345,1
DA:346,1
DA:348,4
DA:350,1
DA:351,2
DA:352,1
DA:353,1
DA:357,4
DA:359,1
DA:360,2
DA:361,2
DA:363,1
DA:365,1
DA:366,1
DA:368,3
DA:369,3
DA:371,1
DA:372,1
DA:374,4
DA:376,1
DA:377,1
DA:378,1
DA:382,6
DA:384,6
DA:385,6
DA:386,6
DA:387,6
DA:388,12
DA:389,6
DA:393,4
DA:395,1
DA:396,2
DA:397,2
DA:398,1
DA:400,1
DA:401,1
DA:402,1
DA:403,1
DA:404,1
DA:408,4
DA:410,1
DA:411,2
DA:412,2
DA:414,1
DA:416,1
DA:417,1
DA:418,1
DA:420,4
DA:422,1
DA:423,1
DA:424,2
DA:425,2
DA:426,2
DA:428,1
DA:429,1
DA:433,4
DA:435,1
DA:436,2
DA:437,2
DA:438,1
DA:440,1
DA:442,1
DA:443,1
DA:444,1
DA:446,4
DA:448,1
DA:450,1
DA:451,1
DA:452,2
DA:453,1
DA:454,2
DA:456,1
DA:457,1
DA:458,1
DA:462,4
DA:464,1
DA:465,2
DA:467,1
DA:468,1
DA:470,1
DA:471,1
DA:475,4
DA:477,1
DA:478,2
DA:479,1
DA:481,2
DA:483,1
DA:484,1
DA:485,1
DA:487,4
DA:489,1
DA:490,2
DA:492,1
DA:493,1
DA:497,4
DA:499,1
DA:500,2
DA:501,2
DA:503,1
DA:505,1
DA:506,1
DA:508,1
DA:509,1
DA:510,1
DA:512,1
DA:513,1
DA:515,4
DA:517,1
DA:518,1
DA:519,1
DA:523,4
DA:525,1
DA:526,1
DA:527,1
DA:531,4
DA:533,1
DA:534,1
DA:536,1
DA:537,1
DA:538,1
DA:539,1
DA:541,4
DA:543,1
DA:544,2
DA:545,2
DA:546,1
DA:548,1
DA:549,1
DA:550,1
DA:551,1
DA:552,1
DA:556,4
DA:558,1
DA:559,1
DA:560,1
DA:562,4
DA:564,1
DA:565,2
DA:567,1
DA:568,1
DA:570,4
DA:572,1
DA:573,2
DA:574,1
DA:576,2
DA:578,1
DA:579,1
DA:580,1
DA:582,4
DA:584,1
DA:585,2
DA:586,2
DA:587,2
DA:589,1
DA:591,1
DA:592,1
DA:594,1
DA:595,1
DA:596,1
DA:597,1
DA:599,1
DA:600,1
DA:602,4
DA:604,1
DA:605,1
DA:606,1
DA:607,1
DA:609,4
DA:611,1
DA:612,2
DA:613,2
DA:614,2
DA:616,1
DA:617,1
DA:620,4
DA:621,1
DA:622,1
DA:623,1
DA:624,1
DA:625,1
DA:627,4
DA:628,1
DA:629,2
DA:630,1
DA:632,1
DA:633,1
DA:634,1
DA:635,1
DA:636,1
DA:637,1
DA:641,4
DA:642,1
DA:643,2
DA:644,1
DA:645,1
DA:647,1
DA:648,1
DA:649,1
DA:653,4
DA:654,1
DA:655,2
DA:656,1
DA:658,1
DA:659,1
DA:660,1
DA:662,1
DA:663,1
DA:664,1
DA:666,4
DA:667,1
DA:668,1
DA:669,1
DA:670,1
DA:672,1
DA:673,1
DA:677,4
DA:678,1
DA:679,2
DA:680,2
DA:682,1
DA:683,1
DA:685,1
DA:686,1
DA:688,1
DA:689,1
DA:690,1
DA:692,1
DA:693,1
DA:695,4
DA:696,1
DA:697,1
DA:698,1
DA:699,1
DA:707,4
DA:708,1
DA:709,1
DA:710,1
DA:711,1
DA:712,1
DA:716,4
DA:717,1
DA:718,1
DA:719,1
DA:720,1
DA:721,1
DA:723,1
DA:724,1
DA:725,1
DA:726,1
DA:727,1
DA:728,1
DA:732,4
DA:733,1
DA:734,1
DA:735,1
DA:736,1
DA:737,1
DA:738,1
DA:740,1
DA:741,1
DA:745,4
DA:746,1
DA:747,1
DA:748,1
DA:750,1
DA:751,1
DA:752,1
DA:754,1
DA:755,1
DA:756,1
DA:760,4
DA:761,1
DA:762,1
DA:763,1
DA:764,1
DA:766,1
DA:767,1
DA:769,1
DA:770,1
DA:772,1
DA:773,1
DA:774,1
DA:775,1
DA:777,1
DA:778,1
DA:780,4
DA:781,1
DA:782,1
DA:783,1
DA:784,1
DA:786,4
DA:787,1
DA:788,1
DA:789,1
DA:790,1
DA:794,4
DA:795,1
DA:796,3
DA:797,2
DA:798,1
DA:802,4
DA:803,1
DA:805,5
DA:806,4
DA:808,2
DA:809,2
DA:810,2
DA:811,2
DA:812,1
DA:816,4
DA:817,1
DA:819,5
DA:820,4
DA:821,2
DA:822,1
DA:826,4
DA:827,1
DA:830,4
DA:831,4
DA:832,4
DA:834,2
DA:835,2
DA:836,2
DA:837,1
DA:841,4
DA:842,1
DA:844,4
DA:845,4
DA:846,4
DA:848,2
DA:849,2
DA:850,2
DA:852,2
DA:853,2
DA:855,2
DA:856,2
DA:857,1
DA:861,4
DA:862,1
DA:863,3
DA:865,3
DA:866,2
DA:867,1
DA:869,4
DA:870,1
DA:872,5
DA:873,2
DA:874,2
DA:876,4
DA:877,4
DA:878,1
DA:882,4
DA:883,1
DA:885,17
DA:886,16
DA:888,5
DA:889,1
DA:893,4
DA:894,1
DA:896,4
DA:897,2
DA:899,2
DA:900,2
DA:902,2
DA:903,1
DA:907,4
DA:908,1
DA:909,3
DA:910,2
DA:911,1
DA:915,4
DA:916,1
DA:917,3
DA:919,1
DA:920,1
DA:922,1
DA:924,1
DA:926,1
DA:927,1
DA:928,1
DA:929,1
DA:933,4
DA:934,1
DA:935,5
DA:936,1
LF:582
LH:582
end_of_record
TN:
SF:/usr/include/c++/13/bits/alloc_traits.h
FNF:0
FNH:0
DA:482,50
DA:517,75
DA:538,64
DA:542,64
DA:562,49
DA:574,7
DA:588,0
DA:948,30
DA:949,30
LF:9
LH:8
end_of_record
TN:
SF:/usr/include/c++/13/bits/allocator.h
FNF:0
FNH:0
DA:163,292
DA:168,2
DA:178,46
DA:184,315
LF:4
LH:4
end_of_record
TN:
SF:/usr/include/c++/13/bits/basic_string.h
FN:3528,3541,_ZSt12__str_concatINSt7__cxx1112basic_stringIcSt11char_traitsIcESaIcEEEET_PKNS6_10value_typeENS6_9size_typeES9_SA_RKNS6_14allocator_typeE
FN:3571,3579,_ZStplIcSt11char_traitsIcESaIcEENSt7__cxx1112basic_stringIT_T0_T1_EEPKS5_RKS8_
FN:3674,3676,_ZStplIcSt11char_traitsIcESaIcEENSt7__cxx1112basic_stringIT_T0_T1_EEPKS5_OS8_
FN:3710,3716,_ZSteqIcSt11char_traitsIcESaIcEEbRKNSt7__cxx1112basic_stringIT_T0_T1_EESA_
FN:3727,3732,_ZSteqIcSt11char_traitsIcESaIcEEbRKNSt7__cxx1112basic_stringIT_T0_T1_EEPKS5_
FN:3788,3791,_ZStneIcSt11char_traitsIcESaIcEEbRKNSt7__cxx1112basic_stringIT_T0_T1_EESA_
FN:4162,4173,_ZNSt7__cxx119to_stringEi
FN:641,650,_ZNSt7__cxx1112basic_stringIcSt11char_traitsIcESaIcEEC2IS3_EEPKcRKS3_
FN:664,666,_ZNSt7__cxx1112basic_stringIcSt11char_traitsIcESaIcEEC2IS3_EEmcRKS3_
FNDA:0,_ZSt12__str_concatINSt7__cxx1112basic_stringIcSt11char_traitsIcESaIcEEEET_PKNS6_10value_typeENS6_9size_typeES9_SA_RKNS6_14allocator_typeE
FNDA:0,_ZStplIcSt11char_traitsIcESaIcEENSt7__cxx1112basic_stringIT_T0_T1_EEPKS5_RKS8_
FNDA:32,_ZStplIcSt11char_traitsIcESaIcEENSt7__cxx1112basic_stringIT_T0_T1_EEPKS5_OS8_
FNDA:157,_ZSteqIcSt11char_traitsIcESaIcEEbRKNSt7__cxx1112basic_stringIT_T0_T1_EESA_
FNDA:36,_ZSteqIcSt11char_traitsIcESaIcEEbRKNSt7__cxx1112basic_stringIT_T0_T1_EEPKS5_
FNDA:2,_ZStneIcSt11char_traitsIcESaIcEEbRKNSt7__cxx1112basic_stringIT_T0_T1_EESA_
FNDA:32,_ZNSt7__cxx119to_stringEi
FNDA:305,_ZNSt7__cxx1112basic_stringIcSt11char_traitsIcESaIcEEC2IS3_EEPKcRKS3_
FNDA:33,_ZNSt7__cxx1112basic_stringIcSt11char_traitsIcESaIcEEC2IS3_EEmcRKS3_
FNF:9
FNH:7
DA:355,233
DA:641,305
DA:642,305
DA:645,305
DA:646,0
DA:648,305
DA:649,305
DA:650,305
DA:664,33
DA:665,33
DA:666,33
DA:3528,0
DA:3536,0
DA:3537,0
DA:3538,0
DA:3539,0
DA:3540,0
DA:3541,0
DA:3571,0
DA:3578,0
DA:3674,32
DA:3676,32
DA:3710,157
DA:3714,157
DA:3715,157
DA:3727,36
DA:3730,36
DA:3731,36
DA:3788,2
DA:3791,2
DA:4162,32
DA:4167,32
DA:4168,32
DA:4169,32
DA:4170,32
DA:4171,32
DA:4172,32
LF:37
LH:27
end_of_record
TN:
SF:/usr/include/c++/13/bits/basic_string.tcc
FN:221,252,_ZNSt7__cxx1112basic_stringIcSt11char_traitsIcESaIcEE12_M_constructIPKcEEvT_S8_St20forward_iterator_tag
FN:221,252,_ZNSt7__cxx1112basic_stringIcSt11char_traitsIcESaIcEE12_M_constructIPcEEvT_S7_St20forward_iterator_tag
FN:239,239,_ZZNSt7__cxx1112basic_stringIcSt11char_traitsIcESaIcEE12_M_constructIPKcEEvT_S8_St20forward_iterator_tagEN6_GuardC2EPS4_
FN:239,239,_ZZNSt7__cxx1112basic_stringIcSt11char_traitsIcESaIcEE12_M_constructIPcEEvT_S7_St20forward_iterator_tagEN6_GuardC2EPS4_
FN:242,242,_ZZNSt7__cxx1112basic_stringIcSt11char_traitsIcESaIcEE12_M_constructIPKcEEvT_S8_St20forward_iterator_tagEN6_GuardD2Ev
FN:242,242,_ZZNSt7__cxx1112basic_stringIcSt11char_traitsIcESaIcEE12_M_constructIPcEEvT_S7_St20forward_iterator_tagEN6_GuardD2Ev
FNDA:305,_ZNSt7__cxx1112basic_stringIcSt11char_traitsIcESaIcEE12_M_constructIPKcEEvT_S8_St20forward_iterator_tag
FNDA:0,_ZNSt7__cxx1112basic_stringIcSt11char_traitsIcESaIcEE12_M_constructIPcEEvT_S7_St20forward_iterator_tag
FNDA:305,_ZZNSt7__cxx1112basic_stringIcSt11char_traitsIcESaIcEE12_M_constructIPKcEEvT_S8_St20forward_iterator_tagEN6_GuardC2EPS4_
FNDA:0,_ZZNSt7__cxx1112basic_stringIcSt11char_traitsIcESaIcEE12_M_constructIPcEEvT_S7_St20forward_iterator_tagEN6_GuardC2EPS4_
FNDA:305,_ZZNSt7__cxx1112basic_stringIcSt11char_traitsIcESaIcEE12_M_constructIPKcEEvT_S8_St20forward_iterator_tagEN6_GuardD2Ev
FNDA:0,_ZZNSt7__cxx1112basic_stringIcSt11char_traitsIcESaIcEE12_M_constructIPcEEvT_S7_St20forward_iterator_tagEN6_GuardD2Ev
FNF:6
FNH:3
DA:221,305
DA:225,305
DA:227,305
DA:229,72
DA:230,72
DA:239,305
DA:242,305
DA:245,305
DA:247,305
DA:249,305
DA:251,305
DA:252,305
LF:12
LH:12
end_of_record
TN:
SF:/usr/include/c++/13/bits/char_traits.h
FN:136,137,_ZN9__gnu_cxx11char_traitsIcE2eqERKcS3_
FN:199,206,_ZN9__gnu_cxx11char_traitsIcE6lengthEPKc
FN:366,371,_ZNSt11char_traitsIcE2ltERKcS2_
FN:374,390,_ZNSt11char_traitsIcE7compareEPKcS2_m
FN:393,400,_ZNSt11char_traitsIcE6lengthEPKc
FN:427,436,_ZNSt11char_traitsIcE4copyEPcPKcm
FNDA:0,_ZN9__gnu_cxx11char_traitsIcE2eqERKcS3_
FNDA:0,_ZN9__gnu_cxx11char_traitsIcE6lengthEPKc
FNDA:0,_ZNSt11char_traitsIcE2ltERKcS2_
FNDA:138,_ZNSt11char_traitsIcE7compareEPKcS2_m
FNDA:341,_ZNSt11char_traitsIcE6lengthEPKc
FNDA:0,_ZNSt11char_traitsIcE4copyEPcPKcm
FNF:6
FNH:2
DA:136,0
DA:137,0
DA:199,0
DA:202,0
DA:203,0
DA:204,0
DA:205,0
DA:366,0
DA:369,0
DA:370,0
DA:374,138
DA:376,138
DA:377,9
DA:379,129
DA:381,0
DA:382,0
DA:383,0
DA:384,0
DA:385,0
DA:386,0
DA:389,129
DA:393,341
DA:396,341
DA:397,0
DA:399,341
DA:427,0
DA:429,0
DA:430,0
DA:435,0
LF:29
LH:8
end_of_record
TN:
SF:/usr/include/c++/13/bits/charconv.h
FN:55,74,_ZNSt8__detail14__to_chars_lenIjEEjT_i
FN:81,110,_ZNSt8__detail18__to_chars_10_implIjEEvPcjT_
FNDA:32,_ZNSt8__detail14__to_chars_lenIjEEjT_i
FNDA:32,_ZNSt8__detail18__to_chars_10_implIjEEvPcjT_
FNF:2
FNH:2
DA:55,32
DA:61,32
DA:62,32
DA:63,32
DA:64,32
DA:67,32
DA:68,12
DA:69,0
DA:70,0
DA:71,0
DA:72,0
DA:81,32
DA:87,32
DA:93,32
DA:94,32
DA:96,0
DA:97,0
DA:98,0
DA:99,0
DA:100,0
DA:102,32
DA:104,12
DA:105,12
DA:106,12
DA:109,20
DA:110,32
LF:26
LH:17
end_of_record
TN:
SF:/usr/include/c++/13/bits/cpp_type_traits.h
FN:607,608,_ZSt12__miter_baseIPPPN18CompleteBinaryTree8TreeNodeEET_S5_
FNDA:0,_ZSt12__miter_baseIPPPN18CompleteBinaryTree8TreeNodeEET_S5_
FNF:1
FNH:0
DA:607,0
DA:608,0
LF:2
LH:0
end_of_record
TN:
SF:/usr/include/c++/13/bits/deque.tcc
FN:484,516,_ZNSt5dequeIPN18CompleteBinaryTree8TreeNodeESaIS2_EE16_M_push_back_auxIJRKS2_EEEvDpOT_
FN:576,584,_ZNSt5dequeIPN18CompleteBinaryTree8TreeNodeESaIS2_EE16_M_pop_front_auxEv
FN:931,973,_ZNSt5dequeIPN18CompleteBinaryTree8TreeNodeESaIS2_EE17_M_reallocate_mapEmb
FNDA:0,_ZNSt5dequeIPN18CompleteBinaryTree8TreeNodeESaIS2_EE16_M_push_back_auxIJRKS2_EEEvDpOT_
FNDA:0,_ZNSt5dequeIPN18CompleteBinaryTree8TreeNodeESaIS2_EE16_M_pop_front_auxEv
FNDA:0,_ZNSt5dequeIPN18CompleteBinaryTree8TreeNodeESaIS2_EE17_M_reallocate_mapEmb
FNF:3
FNH:0
DA:484,0
DA:492,0
DA:493,0
DA:496,0
DA:497,0
DA:501,0
DA:507,0
DA:509,0
DA:516,0
DA:576,0
DA:579,0
DA:581,0
DA:582,0
DA:583,0
DA:584,0
DA:931,0
DA:934,0
DA:935,0
DA:936,0
DA:939,0
DA:941,0
DA:942,0
DA:943,0
DA:944,0
DA:945,0
DA:946,0
DA:949,0
DA:950,0
DA:951,0
DA:955,0
DA:956,0
DA:959,0
DA:960,0
DA:961,0
DA:962,0
DA:963,0
DA:965,0
DA:967,0
DA:968,0
DA:971,0
DA:972,0
DA:973,0
LF:42
LH:0
end_of_record
TN:
SF:/usr/include/c++/13/bits/invoke.h
FN:104,117,_ZSt10__invoke_rIvRZN20ArrayTest_Print_Test8TestBodyEvEUlvE_JEENSt9enable_ifIX16is_invocable_r_vIT_T0_DpT1_EES4_E4typeEOS5_DpOS6_
FN:104,117,_ZSt10__invoke_rIvRZN21DoublyList_Print_Test8TestBodyEvEUlvE0_JEENSt9enable_ifIX16is_invocable_r_vIT_T0_DpT1_EES4_E4typeEOS5_DpOS6_
FN:104,117,_ZSt10__invoke_rIvRZN21DoublyList_Print_Test8TestBodyEvEUlvE_JEENSt9enable_ifIX16is_invocable_r_vIT_T0_DpT1_EES4_E4typeEOS5_DpOS6_
FN:104,117,_ZSt10__invoke_rIvRZN25ArrayTest_PrintEmpty_Test8TestBodyEvEUlvE_JEENSt9enable_ifIX16is_invocable_r_vIT_T0_DpT1_EES4_E4typeEOS5_DpOS6_
FN:104,117,_ZSt10__invoke_rIvRZN25QueueTest_PrintEmpty_Test8TestBodyEvEUlvE_JEENSt9enable_ifIX16is_invocable_r_vIT_T0_DpT1_EES4_E4typeEOS5_DpOS6_
FN:104,117,_ZSt10__invoke_rIvRZN26DoublyList_PrintEmpty_Test8TestBodyEvEUlvE_JEENSt9enable_ifIX16is_invocable_r_vIT_T0_DpT1_EES4_E4typeEOS5_DpOS6_
FN:104,117,_ZSt10__invoke_rIvRZN28ArrayTest_InsertInvalid_Test8TestBodyEvEUlvE_JEENSt9enable_ifIX16is_invocable_r_vIT_T0_DpT1_EES4_E4typeEOS5_DpOS6_
FN:104,117,_ZSt10__invoke_rIvRZN28QueueTest_PrintNonEmpty_Test8TestBodyEvEUlvE_JEENSt9enable_ifIX16is_invocable_r_vIT_T0_DpT1_EES4_E4typeEOS5_DpOS6_
FN:104,117,_ZSt10__invoke_rIvRZN31DoublyList_DeleteEdgeCases_Test8TestBodyEvEUlvE_JEENSt9enable_ifIX16is_invocable_r_vIT_T0_DpT1_EES4_E4typeEOS5_DpOS6_
FN:104,117,_ZSt10__invoke_rIvRZN35DoublyList_AddAfterBeforeEmpty_Test8TestBodyEvEUlvE_JEENSt9enable_ifIX16is_invocable_r_vIT_T0_DpT1_EES4_E4typeEOS5_DpOS6_
FN:104,117,_ZSt10__invoke_rIvRZN36ArrayTest_DeleteInvalidAndEmpty_Test8TestBodyEvEUlvE_JEENSt9enable_ifIX16is_invocable_r_vIT_T0_DpT1_EES4_E4typeEOS5_DpOS6_
FN:60,61,_ZSt13__invoke_implIvRZN20ArrayTest_Print_Test8TestBodyEvEUlvE_JEET_St14__invoke_otherOT0_DpOT1_
FN:60,61,_ZSt13__invoke_implIvRZN21DoublyList_Print_Test8TestBodyEvEUlvE0_JEET_St14__invoke_otherOT0_DpOT1_
FN:60,61,_ZSt13__invoke_implIvRZN21DoublyList_Print_Test8TestBodyEvEUlvE_JEET_St14__invoke_otherOT0_DpOT1_
FN:60,61,_ZSt13__invoke_implIvRZN25ArrayTest_PrintEmpty_Test8TestBodyEvEUlvE_JEET_St14__invoke_otherOT0_DpOT1_
FN:60,61,_ZSt13__invoke_implIvRZN25QueueTest_PrintEmpty_Test8TestBodyEvEUlvE_JEET_St14__invoke_otherOT0_DpOT1_
FN:60,61,_ZSt13__invoke_implIvRZN26DoublyList_PrintEmpty_Test8TestBodyEvEUlvE_JEET_St14__invoke_otherOT0_DpOT1_
FN:60,61,_ZSt13__invoke_implIvRZN28ArrayTest_InsertInvalid_Test8TestBodyEvEUlvE_JEET_St14__invoke_otherOT0_DpOT1_
FN:60,61,_ZSt13__invoke_implIvRZN28QueueTest_PrintNonEmpty_Test8TestBodyEvEUlvE_JEET_St14__invoke_otherOT0_DpOT1_
FN:60,61,_ZSt13__invoke_implIvRZN31DoublyList_DeleteEdgeCases_Test8TestBodyEvEUlvE_JEET_St14__invoke_otherOT0_DpOT1_
FN:60,61,_ZSt13__invoke_implIvRZN35DoublyList_AddAfterBeforeEmpty_Test8TestBodyEvEUlvE_JEET_St14__invoke_otherOT0_DpOT1_
FN:60,61,_ZSt13__invoke_implIvRZN36ArrayTest_DeleteInvalidAndEmpty_Test8TestBodyEvEUlvE_JEET_St14__invoke_otherOT0_DpOT1_
FNDA:1,_ZSt10__invoke_rIvRZN20ArrayTest_Print_Test8TestBodyEvEUlvE_JEENSt9enable_ifIX16is_invocable_r_vIT_T0_DpT1_EES4_E4typeEOS5_DpOS6_
FNDA:1,_ZSt10__invoke_rIvRZN21DoublyList_Print_Test8TestBodyEvEUlvE0_JEENSt9enable_ifIX16is_invocable_r_vIT_T0_DpT1_EES4_E4typeEOS5_DpOS6_
FNDA:1,_ZSt10__invoke_rIvRZN21DoublyList_Print_Test8TestBodyEvEUlvE_JEENSt9enable_ifIX16is_invocable_r_vIT_T0_DpT1_EES4_E4typeEOS5_DpOS6_
FNDA:1,_ZSt10__invoke_rIvRZN25ArrayTest_PrintEmpty_Test8TestBodyEvEUlvE_JEENSt9enable_ifIX16is_invocable_r_vIT_T0_DpT1_EES4_E4typeEOS5_DpOS6_
FNDA:1,_ZSt10__invoke_rIvRZN25QueueTest_PrintEmpty_Test8TestBodyEvEUlvE_JEENSt9enable_ifIX16is_invocable_r_vIT_T0_DpT1_EES4_E4typeEOS5_DpOS6_
FNDA:1,_ZSt10__invoke_rIvRZN26DoublyList_PrintEmpty_Test8TestBodyEvEUlvE_JEENSt9enable_ifIX16is_invocable_r_vIT_T0_DpT1_EES4_E4typeEOS5_DpOS6_
FNDA:1,_ZSt10__invoke_rIvRZN28ArrayTest_InsertInvalid_Test8TestBodyEvEUlvE_JEENSt9enable_ifIX16is_invocable_r_vIT_T0_DpT1_EES4_E4typeEOS5_DpOS6_
FNDA:1,_ZSt10__invoke_rIvRZN28QueueTest_PrintNonEmpty_Test8TestBodyEvEUlvE_JEENSt9enable_ifIX16is_invocable_r_vIT_T0_DpT1_EES4_E4typeEOS5_DpOS6_
FNDA:1,_ZSt10__invoke_rIvRZN31DoublyList_DeleteEdgeCases_Test8TestBodyEvEUlvE_JEENSt9enable_ifIX16is_invocable_r_vIT_T0_DpT1_EES4_E4typeEOS5_DpOS6_
FNDA:1,_ZSt10__invoke_rIvRZN35DoublyList_AddAfterBeforeEmpty_Test8TestBodyEvEUlvE_JEENSt9enable_ifIX16is_invocable_r_vIT_T0_DpT1_EES4_E4typeEOS5_DpOS6_
FNDA:1,_ZSt10__invoke_rIvRZN36ArrayTest_DeleteInvalidAndEmpty_Test8TestBodyEvEUlvE_JEENSt9enable_ifIX16is_invocable_r_vIT_T0_DpT1_EES4_E4typeEOS5_DpOS6_
FNDA:1,_ZSt13__invoke_implIvRZN20ArrayTest_Print_Test8TestBodyEvEUlvE_JEET_St14__invoke_otherOT0_DpOT1_
FNDA:1,_ZSt13__invoke_implIvRZN21DoublyList_Print_Test8TestBodyEvEUlvE0_JEET_St14__invoke_otherOT0_DpOT1_
FNDA:1,_ZSt13__invoke_implIvRZN21DoublyList_Print_Test8TestBodyEvEUlvE_JEET_St14__invoke_otherOT0_DpOT1_
FNDA:1,_ZSt13__invoke_implIvRZN25ArrayTest_PrintEmpty_Test8TestBodyEvEUlvE_JEET_St14__invoke_otherOT0_DpOT1_
FNDA:1,_ZSt13__invoke_implIvRZN25QueueTest_PrintEmpty_Test8TestBodyEvEUlvE_JEET_St14__invoke_otherOT0_DpOT1_
FNDA:1,_ZSt13__invoke_implIvRZN26DoublyList_PrintEmpty_Test8TestBodyEvEUlvE_JEET_St14__invoke_otherOT0_DpOT1_
FNDA:1,_ZSt13__invoke_implIvRZN28ArrayTest_InsertInvalid_Test8TestBodyEvEUlvE_JEET_St14__invoke_otherOT0_DpOT1_
FNDA:1,_ZSt13__invoke_implIvRZN28QueueTest_PrintNonEmpty_Test8TestBodyEvEUlvE_JEET_St14__invoke_otherOT0_DpOT1_
FNDA:1,_ZSt13__invoke_implIvRZN31DoublyList_DeleteEdgeCases_Test8TestBodyEvEUlvE_JEET_St14__invoke_otherOT0_DpOT1_
FNDA:1,_ZSt13__invoke_implIvRZN35DoublyList_AddAfterBeforeEmpty_Test8TestBodyEvEUlvE_JEET_St14__invoke_otherOT0_DpOT1_
FNDA:1,_ZSt13__invoke_implIvRZN36ArrayTest_DeleteInvalidAndEmpty_Test8TestBodyEvEUlvE_JEET_St14__invoke_otherOT0_DpOT1_
FNF:22
FNH:22
DA:60,11
DA:61,11
DA:104,11
DA:111,11
DA:117,11
LF:5
LH:5
end_of_record
TN:
SF:/usr/include/c++/13/bits/move.h
FN:51,52,_ZSt11__addressofIKZN20ArrayTest_Print_Test8TestBodyEvEUlvE_EPT_RS3_
FN:51,52,_ZSt11__addressofIKZN21DoublyList_Print_Test8TestBodyEvEUlvE0_EPT_RS3_
FN:51,52,_ZSt11__addressofIKZN21DoublyList_Print_Test8TestBodyEvEUlvE_EPT_RS3_
FN:51,52,_ZSt11__addressofIKZN25ArrayTest_PrintEmpty_Test8TestBodyEvEUlvE_EPT_RS3_
FN:51,52,_ZSt11__addressofIKZN25QueueTest_PrintEmpty_Test8TestBodyEvEUlvE_EPT_RS3_
FN:51,52,_ZSt11__addressofIKZN26DoublyList_PrintEmpty_Test8TestBodyEvEUlvE_EPT_RS3_
FN:51,52,_ZSt11__addressofIKZN28ArrayTest_InsertInvalid_Test8TestBodyEvEUlvE_EPT_RS3_
FN:51,52,_ZSt11__addressofIKZN28QueueTest_PrintNonEmpty_Test8TestBodyEvEUlvE_EPT_RS3_
FN:51,52,_ZSt11__addressofIKZN31DoublyList_DeleteEdgeCases_Test8TestBodyEvEUlvE_EPT_RS3_
FN:51,52,_ZSt11__addressofIKZN35DoublyList_AddAfterBeforeEmpty_Test8TestBodyEvEUlvE_EPT_RS3_
FN:51,52,_ZSt11__addressofIKZN36ArrayTest_DeleteInvalidAndEmpty_Test8TestBodyEvEUlvE_EPT_RS3_
FN:51,52,_ZSt11__addressofINSt7__cxx1112basic_stringIcSt11char_traitsIcESaIcEEEEPT_RS6_
FN:70,71,_ZSt7forwardINSt7__cxx1112basic_stringIcSt11char_traitsIcESaIcEEEEOT_RNSt16remove_referenceIS6_E4typeE
FN:70,71,_ZSt7forwardIRKNSt7__cxx1112basic_stringIcSt11char_traitsIcESaIcEEEEOT_RNSt16remove_referenceIS8_E4typeE
FN:70,71,_ZSt7forwardIRKPN18CompleteBinaryTree8TreeNodeEEOT_RNSt16remove_referenceIS5_E4typeE
FN:70,71,_ZSt7forwardIRKZN20ArrayTest_Print_Test8TestBodyEvEUlvE_EOT_RNSt16remove_referenceIS4_E4typeE
FN:70,71,_ZSt7forwardIRKZN21DoublyList_Print_Test8TestBodyEvEUlvE0_EOT_RNSt16remove_referenceIS4_E4typeE
FN:70,71,_ZSt7forwardIRKZN21DoublyList_Print_Test8TestBodyEvEUlvE_EOT_RNSt16remove_referenceIS4_E4typeE
FN:70,71,_ZSt7forwardIRKZN25ArrayTest_PrintEmpty_Test8TestBodyEvEUlvE_EOT_RNSt16remove_referenceIS4_E4typeE
FN:70,71,_ZSt7forwardIRKZN25QueueTest_PrintEmpty_Test8TestBodyEvEUlvE_EOT_RNSt16remove_referenceIS4_E4typeE
FN:70,71,_ZSt7forwardIRKZN26DoublyList_PrintEmpty_Test8TestBodyEvEUlvE_EOT_RNSt16remove_referenceIS4_E4typeE
FN:70,71,_ZSt7forwardIRKZN28ArrayTest_InsertInvalid_Test8TestBodyEvEUlvE_EOT_RNSt16remove_referenceIS4_E4typeE
FN:70,71,_ZSt7forwardIRKZN28QueueTest_PrintNonEmpty_Test8TestBodyEvEUlvE_EOT_RNSt16remove_referenceIS4_E4typeE
FN:70,71,_ZSt7forwardIRKZN31DoublyList_DeleteEdgeCases_Test8TestBodyEvEUlvE_EOT_RNSt16remove_referenceIS4_E4typeE
FN:70,71,_ZSt7forwardIRKZN35DoublyList_AddAfterBeforeEmpty_Test8TestBodyEvEUlvE_EOT_RNSt16remove_referenceIS4_E4typeE
FN:70,71,_ZSt7forwardIRKZN36ArrayTest_DeleteInvalidAndEmpty_Test8TestBodyEvEUlvE_EOT_RNSt16remove_referenceIS4_E4typeE
FN:70,71,_ZSt7forwardIRZN20ArrayTest_Print_Test8TestBodyEvEUlvE_EOT_RNSt16remove_referenceIS3_E4typeE
FN:70,71,_ZSt7forwardIRZN21DoublyList_Print_Test8TestBodyEvEUlvE0_EOT_RNSt16remove_referenceIS3_E4typeE
FN:70,71,_ZSt7forwardIRZN21DoublyList_Print_Test8TestBodyEvEUlvE_EOT_RNSt16remove_referenceIS3_E4typeE
FN:70,71,_ZSt7forwardIRZN25ArrayTest_PrintEmpty_Test8TestBodyEvEUlvE_EOT_RNSt16remove_referenceIS3_E4typeE
FN:70,71,_ZSt7forwardIRZN25QueueTest_PrintEmpty_Test8TestBodyEvEUlvE_EOT_RNSt16remove_referenceIS3_E4typeE
FN:70,71,_ZSt7forwardIRZN26DoublyList_PrintEmpty_Test8TestBodyEvEUlvE_EOT_RNSt16remove_referenceIS3_E4typeE
FN:70,71,_ZSt7forwardIRZN28ArrayTest_InsertInvalid_Test8TestBodyEvEUlvE_EOT_RNSt16remove_referenceIS3_E4typeE
FN:70,71,_ZSt7forwardIRZN28QueueTest_PrintNonEmpty_Test8TestBodyEvEUlvE_EOT_RNSt16remove_referenceIS3_E4typeE
FN:70,71,_ZSt7forwardIRZN31DoublyList_DeleteEdgeCases_Test8TestBodyEvEUlvE_EOT_RNSt16remove_referenceIS3_E4typeE
FN:70,71,_ZSt7forwardIRZN35DoublyList_AddAfterBeforeEmpty_Test8TestBodyEvEUlvE_EOT_RNSt16remove_referenceIS3_E4typeE
FN:70,71,_ZSt7forwardIRZN36ArrayTest_DeleteInvalidAndEmpty_Test8TestBodyEvEUlvE_EOT_RNSt16remove_referenceIS3_E4typeE
FN:70,71,_ZSt7forwardISt14default_deleteINSt7__cxx1112basic_stringIcSt11char_traitsIcESaIcEEEEEOT_RNSt16remove_referenceIS8_E4typeE
FN:70,71,_ZSt7forwardIZN20ArrayTest_Print_Test8TestBodyEvEUlvE_EOT_RNSt16remove_referenceIS2_E4typeE
FN:70,71,_ZSt7forwardIZN21DoublyList_Print_Test8TestBodyEvEUlvE0_EOT_RNSt16remove_referenceIS2_E4typeE
FN:70,71,_ZSt7forwardIZN21DoublyList_Print_Test8TestBodyEvEUlvE_EOT_RNSt16remove_referenceIS2_E4typeE
FN:70,71,_ZSt7forwardIZN25ArrayTest_PrintEmpty_Test8TestBodyEvEUlvE_EOT_RNSt16remove_referenceIS2_E4typeE
FN:70,71,_ZSt7forwardIZN25QueueTest_PrintEmpty_Test8TestBodyEvEUlvE_EOT_RNSt16remove_referenceIS2_E4typeE
FN:70,71,_ZSt7forwardIZN26DoublyList_PrintEmpty_Test8TestBodyEvEUlvE_EOT_RNSt16remove_referenceIS2_E4typeE
FN:70,71,_ZSt7forwardIZN28ArrayTest_InsertInvalid_Test8TestBodyEvEUlvE_EOT_RNSt16remove_referenceIS2_E4typeE
FN:70,71,_ZSt7forwardIZN28QueueTest_PrintNonEmpty_Test8TestBodyEvEUlvE_EOT_RNSt16remove_referenceIS2_E4typeE
FN:70,71,_ZSt7forwardIZN31DoublyList_DeleteEdgeCases_Test8TestBodyEvEUlvE_EOT_RNSt16remove_referenceIS2_E4typeE
FN:70,71,_ZSt7forwardIZN35DoublyList_AddAfterBeforeEmpty_Test8TestBodyEvEUlvE_EOT_RNSt16remove_referenceIS2_E4typeE
FN:70,71,_ZSt7forwardIZN36ArrayTest_DeleteInvalidAndEmpty_Test8TestBodyEvEUlvE_EOT_RNSt16remove_referenceIS2_E4typeE
FN:97,98,_ZSt4moveIRNSt7__cxx1112basic_stringIcSt11char_traitsIcESaIcEEEEONSt16remove_referenceIT_E4typeEOS8_
FN:97,98,_ZSt4moveIRPNSt7__cxx1112basic_stringIcSt11char_traitsIcESaIcEEEEONSt16remove_referenceIT_E4typeEOS9_
FN:97,98,_ZSt4moveIRPNSt7__cxx1118basic_stringstreamIcSt11char_traitsIcESaIcEEEEONSt16remove_referenceIT_E4typeEOS9_
FN:97,98,_ZSt4moveIRSaIcEEONSt16remove_referenceIT_E4typeEOS3_
FNDA:1,_ZSt11__addressofIKZN20ArrayTest_Print_Test8TestBodyEvEUlvE_EPT_RS3_
FNDA:1,_ZSt11__addressofIKZN21DoublyList_Print_Test8TestBodyEvEUlvE0_EPT_RS3_
FNDA:1,_ZSt11__addressofIKZN21DoublyList_Print_Test8TestBodyEvEUlvE_EPT_RS3_
FNDA:1,_ZSt11__addressofIKZN25ArrayTest_PrintEmpty_Test8TestBodyEvEUlvE_EPT_RS3_
FNDA:1,_ZSt11__addressofIKZN25QueueTest_PrintEmpty_Test8TestBodyEvEUlvE_EPT_RS3_
FNDA:1,_ZSt11__addressofIKZN26DoublyList_PrintEmpty_Test8TestBodyEvEUlvE_EPT_RS3_
FNDA:1,_ZSt11__addressofIKZN28ArrayTest_InsertInvalid_Test8TestBodyEvEUlvE_EPT_RS3_
FNDA:1,_ZSt11__addressofIKZN28QueueTest_PrintNonEmpty_Test8TestBodyEvEUlvE_EPT_RS3_
FNDA:1,_ZSt11__addressofIKZN31DoublyList_DeleteEdgeCases_Test8TestBodyEvEUlvE_EPT_RS3_
FNDA:1,_ZSt11__addressofIKZN35DoublyList_AddAfterBeforeEmpty_Test8TestBodyEvEUlvE_EPT_RS3_
FNDA:1,_ZSt11__addressofIKZN36ArrayTest_DeleteInvalidAndEmpty_Test8TestBodyEvEUlvE_EPT_RS3_
FNDA:66,_ZSt11__addressofINSt7__cxx1112basic_stringIcSt11char_traitsIcESaIcEEEEPT_RS6_
FNDA:6,_ZSt7forwardINSt7__cxx1112basic_stringIcSt11char_traitsIcESaIcEEEEOT_RNSt16remove_referenceIS6_E4typeE
FNDA:15,_ZSt7forwardIRKNSt7__cxx1112basic_stringIcSt11char_traitsIcESaIcEEEEOT_RNSt16remove_referenceIS8_E4typeE
FNDA:114,_ZSt7forwardIRKPN18CompleteBinaryTree8TreeNodeEEOT_RNSt16remove_referenceIS5_E4typeE
FNDA:0,_ZSt7forwardIRKZN20ArrayTest_Print_Test8TestBodyEvEUlvE_EOT_RNSt16remove_referenceIS4_E4typeE
FNDA:0,_ZSt7forwardIRKZN21DoublyList_Print_Test8TestBodyEvEUlvE0_EOT_RNSt16remove_referenceIS4_E4typeE
FNDA:0,_ZSt7forwardIRKZN21DoublyList_Print_Test8TestBodyEvEUlvE_EOT_RNSt16remove_referenceIS4_E4typeE
FNDA:0,_ZSt7forwardIRKZN25ArrayTest_PrintEmpty_Test8TestBodyEvEUlvE_EOT_RNSt16remove_referenceIS4_E4typeE
FNDA:0,_ZSt7forwardIRKZN25QueueTest_PrintEmpty_Test8TestBodyEvEUlvE_EOT_RNSt16remove_referenceIS4_E4typeE
FNDA:0,_ZSt7forwardIRKZN26DoublyList_PrintEmpty_Test8TestBodyEvEUlvE_EOT_RNSt16remove_referenceIS4_E4typeE
FNDA:0,_ZSt7forwardIRKZN28ArrayTest_InsertInvalid_Test8TestBodyEvEUlvE_EOT_RNSt16remove_referenceIS4_E4typeE
FNDA:0,_ZSt7forwardIRKZN28QueueTest_PrintNonEmpty_Test8TestBodyEvEUlvE_EOT_RNSt16remove_referenceIS4_E4typeE
FNDA:0,_ZSt7forwardIRKZN31DoublyList_DeleteEdgeCases_Test8TestBodyEvEUlvE_EOT_RNSt16remove_referenceIS4_E4typeE
FNDA:0,_ZSt7forwardIRKZN35DoublyList_AddAfterBeforeEmpty_Test8TestBodyEvEUlvE_EOT_RNSt16remove_referenceIS4_E4typeE
FNDA:0,_ZSt7forwardIRKZN36ArrayTest_DeleteInvalidAndEmpty_Test8TestBodyEvEUlvE_EOT_RNSt16remove_referenceIS4_E4typeE
FNDA:2,_ZSt7forwardIRZN20ArrayTest_Print_Test8TestBodyEvEUlvE_EOT_RNSt16remove_referenceIS3_E4typeE
FNDA:2,_ZSt7forwardIRZN21DoublyList_Print_Test8TestBodyEvEUlvE0_EOT_RNSt16remove_referenceIS3_E4typeE
FNDA:2,_ZSt7forwardIRZN21DoublyList_Print_Test8TestBodyEvEUlvE_EOT_RNSt16remove_referenceIS3_E4typeE
FNDA:2,_ZSt7forwardIRZN25ArrayTest_PrintEmpty_Test8TestBodyEvEUlvE_EOT_RNSt16remove_referenceIS3_E4typeE
FNDA:2,_ZSt7forwardIRZN25QueueTest_PrintEmpty_Test8TestBodyEvEUlvE_EOT_RNSt16remove_referenceIS3_E4typeE
FNDA:2,_ZSt7forwardIRZN26DoublyList_PrintEmpty_Test8TestBodyEvEUlvE_EOT_RNSt16remove_referenceIS3_E4typeE
FNDA:2,_ZSt7forwardIRZN28ArrayTest_InsertInvalid_Test8TestBodyEvEUlvE_EOT_RNSt16remove_referenceIS3_E4typeE
FNDA:2,_ZSt7forwardIRZN28QueueTest_PrintNonEmpty_Test8TestBodyEvEUlvE_EOT_RNSt16remove_referenceIS3_E4typeE
FNDA:2,_ZSt7forwardIRZN31DoublyList_DeleteEdgeCases_Test8TestBodyEvEUlvE_EOT_RNSt16remove_referenceIS3_E4typeE
FNDA:2,_ZSt7forwardIRZN35DoublyList_AddAfterBeforeEmpty_Test8TestBodyEvEUlvE_EOT_RNSt16remove_referenceIS3_E4typeE
FNDA:2,_ZSt7forwardIRZN36ArrayTest_DeleteInvalidAndEmpty_Test8TestBodyEvEUlvE_EOT_RNSt16remove_referenceIS3_E4typeE
FNDA:0,_ZSt7forwardISt14default_deleteINSt7__cxx1112basic_stringIcSt11char_traitsIcESaIcEEEEEOT_RNSt16remove_referenceIS8_E4typeE
FNDA:3,_ZSt7forwardIZN20ArrayTest_Print_Test8TestBodyEvEUlvE_EOT_RNSt16remove_referenceIS2_E4typeE
FNDA:3,_ZSt7forwardIZN21DoublyList_Print_Test8TestBodyEvEUlvE0_EOT_RNSt16remove_referenceIS2_E4typeE
FNDA:3,_ZSt7forwardIZN21DoublyList_Print_Test8TestBodyEvEUlvE_EOT_RNSt16remove_referenceIS2_E4typeE
FNDA:3,_ZSt7forwardIZN25ArrayTest_PrintEmpty_Test8TestBodyEvEUlvE_EOT_RNSt16remove_referenceIS2_E4typeE
FNDA:3,_ZSt7forwardIZN25QueueTest_PrintEmpty_Test8TestBodyEvEUlvE_EOT_RNSt16remove_referenceIS2_E4typeE
FNDA:3,_ZSt7forwardIZN26DoublyList_PrintEmpty_Test8TestBodyEvEUlvE_EOT_RNSt16remove_referenceIS2_E4typeE
FNDA:3,_ZSt7forwardIZN28ArrayTest_InsertInvalid_Test8TestBodyEvEUlvE_EOT_RNSt16remove_referenceIS2_E4typeE
FNDA:3,_ZSt7forwardIZN28QueueTest_PrintNonEmpty_Test8TestBodyEvEUlvE_EOT_RNSt16remove_referenceIS2_E4typeE
FNDA:3,_ZSt7forwardIZN31DoublyList_DeleteEdgeCases_Test8TestBodyEvEUlvE_EOT_RNSt16remove_referenceIS2_E4typeE
FNDA:3,_ZSt7forwardIZN35DoublyList_AddAfterBeforeEmpty_Test8TestBodyEvEUlvE_EOT_RNSt16remove_referenceIS2_E4typeE
FNDA:3,_ZSt7forwardIZN36ArrayTest_DeleteInvalidAndEmpty_Test8TestBodyEvEUlvE_EOT_RNSt16remove_referenceIS2_E4typeE
FNDA:35,_ZSt4moveIRNSt7__cxx1112basic_stringIcSt11char_traitsIcESaIcEEEEONSt16remove_referenceIT_E4typeEOS8_
FNDA:0,_ZSt4moveIRPNSt7__cxx1112basic_stringIcSt11char_traitsIcESaIcEEEEONSt16remove_referenceIT_E4typeEOS9_
FNDA:1,_ZSt4moveIRPNSt7__cxx1118basic_stringstreamIcSt11char_traitsIcESaIcEEEEONSt16remove_referenceIT_E4typeEOS9_
FNDA:0,_ZSt4moveIRSaIcEEONSt16remove_referenceIT_E4typeEOS3_
FNF:53
FNH:39
DA:51,77
DA:52,77
DA:70,190
DA:71,190
DA:97,36
DA:98,36
LF:6
LH:6
end_of_record
TN:
SF:/usr/include/c++/13/bits/new_allocator.h
FN:104,104,_ZNSt15__new_allocatorINSt7__cxx1112basic_stringIcSt11char_traitsIcESaIcEEEED2Ev
FN:104,104,_ZNSt15__new_allocatorIPN18CompleteBinaryTree8TreeNodeEED2Ev
FN:104,104,_ZNSt15__new_allocatorIPPN18CompleteBinaryTree8TreeNodeEED2Ev
FN:104,104,_ZNSt15__new_allocatorIcED2Ev
FN:126,152,_ZNSt15__new_allocatorINSt7__cxx1112basic_stringIcSt11char_traitsIcESaIcEEEE8allocateEmPKv
FN:126,152,_ZNSt15__new_allocatorIPN18CompleteBinaryTree8TreeNodeEE8allocateEmPKv
FN:126,152,_ZNSt15__new_allocatorIPPN18CompleteBinaryTree8TreeNodeEE8allocateEmPKv
FN:156,173,_ZNSt15__new_allocatorINSt7__cxx1112basic_stringIcSt11char_traitsIcESaIcEEEE10deallocateEPS5_m
FN:156,173,_ZNSt15__new_allocatorIPN18CompleteBinaryTree8TreeNodeEE10deallocateEPS2_m
FN:156,173,_ZNSt15__new_allocatorIPPN18CompleteBinaryTree8TreeNodeEE10deallocateEPS3_m
FNDA:32,_ZNSt15__new_allocatorINSt7__cxx1112basic_stringIcSt11char_traitsIcESaIcEEEED2Ev
FNDA:23,_ZNSt15__new_allocatorIPN18CompleteBinaryTree8TreeNodeEED2Ev
FNDA:46,_ZNSt15__new_allocatorIPPN18CompleteBinaryTree8TreeNodeEED2Ev
FNDA:335,_ZNSt15__new_allocatorIcED2Ev
FNDA:4,_ZNSt15__new_allocatorINSt7__cxx1112basic_stringIcSt11char_traitsIcESaIcEEEE8allocateEmPKv
FNDA:23,_ZNSt15__new_allocatorIPN18CompleteBinaryTree8TreeNodeEE8allocateEmPKv
FNDA:23,_ZNSt15__new_allocatorIPPN18CompleteBinaryTree8TreeNodeEE8allocateEmPKv
FNDA:29,_ZNSt15__new_allocatorINSt7__cxx1112basic_stringIcSt11char_traitsIcESaIcEEEE10deallocateEPS5_m
FNDA:23,_ZNSt15__new_allocatorIPN18CompleteBinaryTree8TreeNodeEE10deallocateEPS2_m
FNDA:23,_ZNSt15__new_allocatorIPPN18CompleteBinaryTree8TreeNodeEE10deallocateEPS3_m
FNF:10
FNH:10
DA:88,338
DA:92,2
DA:104,436
DA:126,50
DA:134,50
DA:138,0
DA:139,0
DA:140,0
DA:151,50
DA:156,75
DA:172,75
DA:183,7
DA:191,64
DA:198,49
DA:233,57
LF:15
LH:12
end_of_record
TN:
SF:/usr/include/c++/13/bits/std_function.h
[...]
FNDA:0,_ZN7testing8internal18CmpHelperEQFailureIPN10DoublyList14NodeDoublyListEDnEENS_15AssertionResultEPKcS7_RKT_RKT0_
FNDA:0,_ZN7testing8internal18CmpHelperEQFailureIPN11ForwardList14NodeSinglyListEDnEENS_15AssertionResultEPKcS7_RKT_RKT0_
FNDA:0,_ZN7testing8internal18CmpHelperEQFailureISt6vectorINSt7__cxx1112basic_stringIcSt11char_traitsIcESaIcEEESaIS8_EESA_EENS_15AssertionResultEPKcSD_RKT_RKT0_
FNDA:0,_ZN7testing8internal18CmpHelperEQFailureIiiEENS_15AssertionResultEPKcS4_RKT_RKT0_
FNDA:9,_ZN7testing8internal11CmpHelperEQINSt7__cxx1112basic_stringIcSt11char_traitsIcESaIcEEEA1_cEENS_15AssertionResultEPKcSB_RKT_RKT0_
FNDA:16,_ZN7testing8internal11CmpHelperEQINSt7__cxx1112basic_stringIcSt11char_traitsIcESaIcEEEA2_cEENS_15AssertionResultEPKcSB_RKT_RKT0_
FNDA:1,_ZN7testing8internal11CmpHelperEQINSt7__cxx1112basic_stringIcSt11char_traitsIcESaIcEEEA3_cEENS_15AssertionResultEPKcSB_RKT_RKT0_
FNDA:7,_ZN7testing8internal11CmpHelperEQINSt7__cxx1112basic_stringIcSt11char_traitsIcESaIcEEEA4_cEENS_15AssertionResultEPKcSB_RKT_RKT0_
FNDA:1,_ZN7testing8internal11CmpHelperEQINSt7__cxx1112basic_stringIcSt11char_traitsIcESaIcEEEA6_cEENS_15AssertionResultEPKcSB_RKT_RKT0_
FNDA:2,_ZN7testing8internal11CmpHelperEQINSt7__cxx1112basic_stringIcSt11char_traitsIcESaIcEEEA7_cEENS_15AssertionResultEPKcSB_RKT_RKT0_
FNDA:5,_ZN7testing8internal11CmpHelperEQIPN10DoublyList14NodeDoublyListEDnEENS_15AssertionResultEPKcS7_RKT_RKT0_
FNDA:2,_ZN7testing8internal11CmpHelperEQIPN11ForwardList14NodeSinglyListEDnEENS_15AssertionResultEPKcS7_RKT_RKT0_
FNDA:1,_ZN7testing8internal11CmpHelperEQISt6vectorINSt7__cxx1112basic_stringIcSt11char_traitsIcESaIcEEESaIS8_EESA_EENS_15AssertionResultEPKcSD_RKT_RKT0_
FNDA:5,_ZN7testing8internal11CmpHelperEQIiiEENS_15AssertionResultEPKcS4_RKT_RKT0_
FNDA:9,_ZN7testing8internal8EqHelper7CompareINSt7__cxx1112basic_stringIcSt11char_traitsIcESaIcEEEA1_cLPv0EEENS_15AssertionResultEPKcSD_RKT_RKT0_
FNDA:16,_ZN7testing8internal8EqHelper7CompareINSt7__cxx1112basic_stringIcSt11char_traitsIcESaIcEEEA2_cLPv0EEENS_15AssertionResultEPKcSD_RKT_RKT0_
FNDA:1,_ZN7testing8internal8EqHelper7CompareINSt7__cxx1112basic_stringIcSt11char_traitsIcESaIcEEEA3_cLPv0EEENS_15AssertionResultEPKcSD_RKT_RKT0_
FNDA:7,_ZN7testing8internal8EqHelper7CompareINSt7__cxx1112basic_stringIcSt11char_traitsIcESaIcEEEA4_cLPv0EEENS_15AssertionResultEPKcSD_RKT_RKT0_
FNDA:1,_ZN7testing8internal8EqHelper7CompareINSt7__cxx1112basic_stringIcSt11char_traitsIcESaIcEEEA6_cLPv0EEENS_15AssertionResultEPKcSD_RKT_RKT0_
FNDA:2,_ZN7testing8internal8EqHelper7CompareINSt7__cxx1112basic_stringIcSt11char_traitsIcESaIcEEEA7_cLPv0EEENS_15AssertionResultEPKcSD_RKT_RKT0_
FNDA:5,_ZN7testing8internal8EqHelper7CompareIPN10DoublyList14NodeDoublyListEDnLPv0EEENS_15AssertionResultEPKcS9_RKT_RKT0_
FNDA:2,_ZN7testing8internal8EqHelper7CompareIPN11ForwardList14NodeSinglyListEDnLPv0EEENS_15AssertionResultEPKcS9_RKT_RKT0_
FNDA:1,_ZN7testing8internal8EqHelper7CompareISt6vectorINSt7__cxx1112basic_stringIcSt11char_traitsIcESaIcEEESaIS9_EESB_LPv0EEENS_15AssertionResultEPKcSF_RKT_RKT0_
FNDA:5,_ZN7testing8internal8EqHelper7CompareIiiLPv0EEENS_15AssertionResultEPKcS6_RKT_RKT0_
FNDA:0,_ZN7testing8internal18CmpHelperOpFailureIPN10DoublyList14NodeDoublyListEDnEENS_15AssertionResultEPKcS7_RKT_RKT0_S7_
FNDA:0,_ZN7testing8internal18CmpHelperOpFailureIPN11ForwardList14NodeSinglyListEDnEENS_15AssertionResultEPKcS7_RKT_RKT0_S7_
FNDA:0,_ZN7testing8internal18CmpHelperOpFailureImmEENS_15AssertionResultEPKcS4_RKT_RKT0_S4_
FNDA:10,_ZN7testing8internal11CmpHelperNEIPN10DoublyList14NodeDoublyListEDnEENS_15AssertionResultEPKcS7_RKT_RKT0_
FNDA:1,_ZN7testing8internal11CmpHelperNEIPN11ForwardList14NodeSinglyListEDnEENS_15AssertionResultEPKcS7_RKT_RKT0_
FNDA:25,_ZN7testing8internal11CmpHelperNEImmEENS_15AssertionResultEPKcS4_RKT_RKT0_
FNDA:0,_ZN7testing4Test14SetUpTestSuiteEv
FNDA:0,_ZN7testing4Test17TearDownTestSuiteEv
FNDA:0,_ZN7testing4Test16TearDownTestCaseEv
FNDA:0,_ZN7testing4Test13SetUpTestCaseEv
FNDA:0,_ZN7testing4Test5SetupEv
FNF:41
FNH:23
DA:256,0
DA:264,0
DA:269,0
DA:270,0
DA:357,0
DA:1359,0
DA:1364,0
DA:1376,49
DA:1379,49
DA:1380,49
DA:1383,0
DA:1395,49
DA:1398,49
DA:1428,0
DA:1432,0
DA:1433,0
DA:1434,0
DA:1457,36
LF:18
LH:6
end_of_record
TN:
SF:/usr/include/gtest/internal/gtest-internal.h
FN:438,438,_ZN7testing8internal15TestFactoryBaseD0Ev
FN:438,438,_ZN7testing8internal15TestFactoryBaseD2Ev
FN:445,445,_ZN7testing8internal15TestFactoryBaseC2Ev
FN:457,457,_ZN7testing8internal15TestFactoryImplI20ArrayTest_Print_TestE10CreateTestEv
FN:457,457,_ZN7testing8internal15TestFactoryImplI21DoublyList_Print_TestE10CreateTestEv
FN:457,457,_ZN7testing8internal15TestFactoryImplI22ArrayTest_Replace_TestE10CreateTestEv
FN:457,457,_ZN7testing8internal15TestFactoryImplI23ArrayTest_SaveLoad_TestE10CreateTestEv
FN:457,457,_ZN7testing8internal15TestFactoryImplI23QueueTest_PopEmpty_TestE10CreateTestEv
FN:457,457,_ZN7testing8internal15TestFactoryImplI23QueueTest_SaveLoad_TestE10CreateTestEv
FN:457,457,_ZN7testing8internal15TestFactoryImplI24DoublyList_SaveLoad_TestE10CreateTestEv
FN:457,457,_ZN7testing8internal15TestFactoryImplI25ArrayTest_PrintEmpty_TestE10CreateTestEv
FN:457,457,_ZN7testing8internal15TestFactoryImplI25QueueTest_PrintEmpty_TestE10CreateTestEv
FN:457,457,_ZN7testing8internal15TestFactoryImplI25StackTest_ClearStack_TestE10CreateTestEv
FN:457,457,_ZN7testing8internal15TestFactoryImplI25StackTest_PrintEmpty_TestE10CreateTestEv
FN:457,457,_ZN7testing8internal15TestFactoryImplI25StackTest_PushPopTop_TestE10CreateTestEv
FN:457,457,_ZN7testing8internal15TestFactoryImplI26ArrayTest_DeleteValid_TestE10CreateTestEv
FN:457,457,_ZN7testing8internal15TestFactoryImplI26ArrayTest_InsertValid_TestE10CreateTestEv
FN:457,457,_ZN7testing8internal15TestFactoryImplI26DoublyList_AddAndFind_TestE10CreateTestEv
FN:457,457,_ZN7testing8internal15TestFactoryImplI26DoublyList_PrintEmpty_TestE10CreateTestEv
FN:457,457,_ZN7testing8internal15TestFactoryImplI26StackTest_SaveAndLoad_TestE10CreateTestEv
FN:457,457,_ZN7testing8internal15TestFactoryImplI28ArrayTest_InsertInvalid_TestE10CreateTestEv
FN:457,457,_ZN7testing8internal15TestFactoryImplI28QueueTest_EmptyOnCreate_TestE10CreateTestEv
FN:457,457,_ZN7testing8internal15TestFactoryImplI28QueueTest_PrintNonEmpty_TestE10CreateTestEv
FN:457,457,_ZN7testing8internal15TestFactoryImplI28QueueTest_PushPopSingle_TestE10CreateTestEv
FN:457,457,_ZN7testing8internal15TestFactoryImplI28StackTest_EmptyOnCreate_TestE10CreateTestEv
FN:457,457,_ZN7testing8internal15TestFactoryImplI28StackTest_PrintNonEmpty_TestE10CreateTestEv
FN:457,457,_ZN7testing8internal15TestFactoryImplI29ArrayTest_PushBackAndGet_TestE10CreateTestEv
FN:457,457,_ZN7testing8internal15TestFactoryImplI29BinaryTreeTest_EmptyTree_TestE10CreateTestEv
FN:457,457,_ZN7testing8internal15TestFactoryImplI29ForwardListTest_SaveLoad_TestE10CreateTestEv
FN:457,457,_ZN7testing8internal15TestFactoryImplI30ArrayTest_LoadMissingFile_TestE10CreateTestEv
FN:457,457,_ZN7testing8internal15TestFactoryImplI30QueueTest_LoadMissingFile_TestE10CreateTestEv
FN:457,457,_ZN7testing8internal15TestFactoryImplI30QueueTest_PushPopMultiple_TestE10CreateTestEv
FN:457,457,_ZN7testing8internal15TestFactoryImplI31BinaryTreeTest_SaveAndLoad_TestE10CreateTestEv
FN:457,457,_ZN7testing8internal15TestFactoryImplI31DoublyList_DeleteEdgeCases_TestE10CreateTestEv
FN:457,457,_ZN7testing8internal15TestFactoryImplI31DoublyList_LoadMissingFile_TestE10CreateTestEv
FN:457,457,_ZN7testing8internal15TestFactoryImplI31ForwardListTest_EmptyCases_TestE10CreateTestEv
FN:457,457,_ZN7testing8internal15TestFactoryImplI32QueueTest_DestructorCleanup_TestE10CreateTestEv
FN:457,457,_ZN7testing8internal15TestFactoryImplI33BinaryTreeTest_PrintNonEmpty_TestE10CreateTestEv
FN:457,457,_ZN7testing8internal15TestFactoryImplI33BinaryTreeTest_SaveEmptyTree_TestE10CreateTestEv
FN:457,457,_ZN7testing8internal15TestFactoryImplI33DoublyList_AddAfterAndBefore_TestE10CreateTestEv
FN:457,457,_ZN7testing8internal15TestFactoryImplI33DoublyList_DeleteAfterBefore_TestE10CreateTestEv
FN:457,457,_ZN7testing8internal15TestFactoryImplI33DoublyList_DeleteAllVariants_TestE10CreateTestEv
FN:457,457,_ZN7testing8internal15TestFactoryImplI33OpenHashTableTest_EmptyTable_TestE10CreateTestEv
FN:457,457,_ZN7testing8internal15TestFactoryImplI33OpenHashTableTest_PrintTable_TestE10CreateTestEv
FN:457,457,_ZN7testing8internal15TestFactoryImplI34BinaryTreeTest_IsCompleteTrue_TestE10CreateTestEv
FN:457,457,_ZN7testing8internal15TestFactoryImplI34ChainHashTableTest_EmptyTable_TestE10CreateTestEv
FN:457,457,_ZN7testing8internal15TestFactoryImplI34StackTest_LoadFromMissingFile_TestE10CreateTestEv
FN:457,457,_ZN7testing8internal15TestFactoryImplI35BinaryTreeTest_InsertAndSearch_TestE10CreateTestEv
FN:457,457,_ZN7testing8internal15TestFactoryImplI35BinaryTreeTest_LoadMissingFile_TestE10CreateTestEv
FN:457,457,_ZN7testing8internal15TestFactoryImplI35DoublyList_AddAfterBeforeEmpty_TestE10CreateTestEv
FN:457,457,_ZN7testing8internal15TestFactoryImplI35ForwardListTest_AddBeforeAfter_TestE10CreateTestEv
FN:457,457,_ZN7testing8internal15TestFactoryImplI35ForwardListTest_FindAndAddNode_TestE10CreateTestEv
FN:457,457,_ZN7testing8internal15TestFactoryImplI35ForwardListTest_PrintFunctions_TestE10CreateTestEv
FN:457,457,_ZN7testing8internal15TestFactoryImplI36ArrayTest_DeleteInvalidAndEmpty_TestE10CreateTestEv
FN:457,457,_ZN7testing8internal15TestFactoryImplI36ChainHashTableTest_InsertAndGet_TestE10CreateTestEv
FN:457,457,_ZN7testing8internal15TestFactoryImplI36ForwardListCoverage_FindNullptr_TestE10CreateTestEv
FN:457,457,_ZN7testing8internal15TestFactoryImplI37ForwardListCoverage_PrintByValue_TestE10CreateTestEv
FN:457,457,_ZN7testing8internal15TestFactoryImplI37ForwardListTest_DeleteOperations_TestE10CreateTestEv
FN:457,457,_ZN7testing8internal15TestFactoryImplI38ChainHashTableTest_RemoveElements_TestE10CreateTestEv
FN:457,457,_ZN7testing8internal15TestFactoryImplI39ChainHashTableTest_InsertDuplicate_TestE10CreateTestEv
FN:457,457,_ZN7testing8internal15TestFactoryImplI40ChainHashTableTest_RemoveMissingKey_TestE10CreateTestEv
FN:457,457,_ZN7testing8internal15TestFactoryImplI40ForwardListTest_AddHeadTailContains_TestE10CreateTestEv
FN:457,457,_ZN7testing8internal15TestFactoryImplI40OpenHashTableTest_InsertGetContains_TestE10CreateTestEv
FN:457,457,_ZN7testing8internal15TestFactoryImplI41ChainHashTableTest_CollisionHandling_TestE10CreateTestEv
FN:457,457,_ZN7testing8internal15TestFactoryImplI42ForwardListCoverage_EmptyListBranches_TestE10CreateTestEv
FN:457,457,_ZN7testing8internal15TestFactoryImplI43ForwardListCoverage_AddBeforeEdgeCases_TestE10CreateTestEv
FN:457,457,_ZN7testing8internal15TestFactoryImplI43OpenHashTableTest_CollisionAndOverflow_TestE10CreateTestEv
FN:457,457,_ZN7testing8internal15TestFactoryImplI44ForwardListCoverage_LoadNonexistentFile_TestE10CreateTestEv
FN:457,457,_ZN7testing8internal15TestFactoryImplI44ForwardListCoverage_PrintReverseNullptr_TestE10CreateTestEv
FN:457,457,_ZN7testing8internal15TestFactoryImplI44OpenHashTableTest_RemoveAndStopOnUnused_TestE10CreateTestEv
FN:457,457,_ZN7testing8internal15TestFactoryImplI46OpenHashTableTest_DebugIndexDeterministic_TestE10CreateTestEv
FN:478,479,_ZN7testing8internal12CodeLocationC2ERKNSt7__cxx1112basic_stringIcSt11char_traitsIcESaIcEEEi
FN:491,494,_ZN7testing8internal19GetNotDefaultOrNullEPFvvES2_
FN:506,525,_ZN7testing8internal16SuiteApiResolverINS_4TestEE19GetSetUpCaseOrSuiteEPKci
FN:527,546,_ZN7testing8internal16SuiteApiResolverINS_4TestEE22GetTearDownCaseOrSuiteEPKci
FN:843,843,_ZN7testing8internal14TrueWithStringC2Ev
FN:846,846,_ZNK7testing8internal14TrueWithStringcvbEv
FNDA:0,_ZN7testing8internal15TestFactoryBaseD0Ev
FNDA:68,_ZN7testing8internal15TestFactoryBaseD2Ev
FNDA:68,_ZN7testing8internal15TestFactoryBaseC2Ev
FNDA:1,_ZN7testing8internal15TestFactoryImplI20ArrayTest_Print_TestE10CreateTestEv
FNDA:1,_ZN7testing8internal15TestFactoryImplI21DoublyList_Print_TestE10CreateTestEv
FNDA:1,_ZN7testing8internal15TestFactoryImplI22ArrayTest_Replace_TestE10CreateTestEv
FNDA:1,_ZN7testing8internal15TestFactoryImplI23ArrayTest_SaveLoad_TestE10CreateTestEv
FNDA:1,_ZN7testing8internal15TestFactoryImplI23QueueTest_PopEmpty_TestE10CreateTestEv
FNDA:1,_ZN7testing8internal15TestFactoryImplI23QueueTest_SaveLoad_TestE10CreateTestEv
FNDA:1,_ZN7testing8internal15TestFactoryImplI24DoublyList_SaveLoad_TestE10CreateTestEv
FNDA:1,_ZN7testing8internal15TestFactoryImplI25ArrayTest_PrintEmpty_TestE10CreateTestEv
FNDA:1,_ZN7testing8internal15TestFactoryImplI25QueueTest_PrintEmpty_TestE10CreateTestEv
FNDA:1,_ZN7testing8internal15TestFactoryImplI25StackTest_ClearStack_TestE10CreateTestEv
FNDA:1,_ZN7testing8internal15TestFactoryImplI25StackTest_PrintEmpty_TestE10CreateTestEv
FNDA:1,_ZN7testing8internal15TestFactoryImplI25StackTest_PushPopTop_TestE10CreateTestEv
FNDA:1,_ZN7testing8internal15TestFactoryImplI26ArrayTest_DeleteValid_TestE10CreateTestEv
FNDA:1,_ZN7testing8internal15TestFactoryImplI26ArrayTest_InsertValid_TestE10CreateTestEv
FNDA:1,_ZN7testing8internal15TestFactoryImplI26DoublyList_AddAndFind_TestE10CreateTestEv
FNDA:1,_ZN7testing8internal15TestFactoryImplI26DoublyList_PrintEmpty_TestE10CreateTestEv
FNDA:1,_ZN7testing8internal15TestFactoryImplI26StackTest_SaveAndLoad_TestE10CreateTestEv
FNDA:1,_ZN7testing8internal15TestFactoryImplI28ArrayTest_InsertInvalid_TestE10CreateTestEv
FNDA:1,_ZN7testing8internal15TestFactoryImplI28QueueTest_EmptyOnCreate_TestE10CreateTestEv
FNDA:1,_ZN7testing8internal15TestFactoryImplI28QueueTest_PrintNonEmpty_TestE10CreateTestEv
FNDA:1,_ZN7testing8internal15TestFactoryImplI28QueueTest_PushPopSingle_TestE10CreateTestEv
FNDA:1,_ZN7testing8internal15TestFactoryImplI28StackTest_EmptyOnCreate_TestE10CreateTestEv
FNDA:1,_ZN7testing8internal15TestFactoryImplI28StackTest_PrintNonEmpty_TestE10CreateTestEv
FNDA:1,_ZN7testing8internal15TestFactoryImplI29ArrayTest_PushBackAndGet_TestE10CreateTestEv
FNDA:1,_ZN7testing8internal15TestFactoryImplI29BinaryTreeTest_EmptyTree_TestE10CreateTestEv
FNDA:1,_ZN7testing8internal15TestFactoryImplI29ForwardListTest_SaveLoad_TestE10CreateTestEv
FNDA:1,_ZN7testing8internal15TestFactoryImplI30ArrayTest_LoadMissingFile_TestE10CreateTestEv
FNDA:1,_ZN7testing8internal15TestFactoryImplI30QueueTest_LoadMissingFile_TestE10CreateTestEv
FNDA:1,_ZN7testing8internal15TestFactoryImplI30QueueTest_PushPopMultiple_TestE10CreateTestEv
FNDA:1,_ZN7testing8internal15TestFactoryImplI31BinaryTreeTest_SaveAndLoad_TestE10CreateTestEv
FNDA:1,_ZN7testing8internal15TestFactoryImplI31DoublyList_DeleteEdgeCases_TestE10CreateTestEv
FNDA:1,_ZN7testing8internal15TestFactoryImplI31DoublyList_LoadMissingFile_TestE10CreateTestEv
FNDA:1,_ZN7testing8internal15TestFactoryImplI31ForwardListTest_EmptyCases_TestE10CreateTestEv
FNDA:1,_ZN7testing8internal15TestFactoryImplI32QueueTest_DestructorCleanup_TestE10CreateTestEv
FNDA:1,_ZN7testing8internal15TestFactoryImplI33BinaryTreeTest_PrintNonEmpty_TestE10CreateTestEv
FNDA:1,_ZN7testing8internal15TestFactoryImplI33BinaryTreeTest_SaveEmptyTree_TestE10CreateTestEv
FNDA:1,_ZN7testing8internal15TestFactoryImplI33DoublyList_AddAfterAndBefore_TestE10CreateTestEv
FNDA:1,_ZN7testing8internal15TestFactoryImplI33DoublyList_DeleteAfterBefore_TestE10CreateTestEv
FNDA:1,_ZN7testing8internal15TestFactoryImplI33DoublyList_DeleteAllVariants_TestE10CreateTestEv
FNDA:1,_ZN7testing8internal15TestFactoryImplI33OpenHashTableTest_EmptyTable_TestE10CreateTestEv
FNDA:1,_ZN7testing8internal15TestFactoryImplI33OpenHashTableTest_PrintTable_TestE10CreateTestEv
FNDA:1,_ZN7testing8internal15TestFactoryImplI34BinaryTreeTest_IsCompleteTrue_TestE10CreateTestEv
FNDA:1,_ZN7testing8internal15TestFactoryImplI34ChainHashTableTest_EmptyTable_TestE10CreateTestEv
FNDA:1,_ZN7testing8internal15TestFactoryImplI34StackTest_LoadFromMissingFile_TestE10CreateTestEv
FNDA:1,_ZN7testing8internal15TestFactoryImplI35BinaryTreeTest_InsertAndSearch_TestE10CreateTestEv
FNDA:1,_ZN7testing8internal15TestFactoryImplI35BinaryTreeTest_LoadMissingFile_TestE10CreateTestEv
FNDA:1,_ZN7testing8internal15TestFactoryImplI35DoublyList_AddAfterBeforeEmpty_TestE10CreateTestEv
FNDA:1,_ZN7testing8internal15TestFactoryImplI35ForwardListTest_AddBeforeAfter_TestE10CreateTestEv
FNDA:1,_ZN7testing8internal15TestFactoryImplI35ForwardListTest_FindAndAddNode_TestE10CreateTestEv
FNDA:1,_ZN7testing8internal15TestFactoryImplI35ForwardListTest_PrintFunctions_TestE10CreateTestEv
FNDA:1,_ZN7testing8internal15TestFactoryImplI36ArrayTest_DeleteInvalidAndEmpty_TestE10CreateTestEv
FNDA:1,_ZN7testing8internal15TestFactoryImplI36ChainHashTableTest_InsertAndGet_TestE10CreateTestEv
FNDA:1,_ZN7testing8internal15TestFactoryImplI36ForwardListCoverage_FindNullptr_TestE10CreateTestEv
FNDA:1,_ZN7testing8internal15TestFactoryImplI37ForwardListCoverage_PrintByValue_TestE10CreateTestEv
FNDA:1,_ZN7testing8internal15TestFactoryImplI37ForwardListTest_DeleteOperations_TestE10CreateTestEv
FNDA:1,_ZN7testing8internal15TestFactoryImplI38ChainHashTableTest_RemoveElements_TestE10CreateTestEv
FNDA:1,_ZN7testing8internal15TestFactoryImplI39ChainHashTableTest_InsertDuplicate_TestE10CreateTestEv
FNDA:1,_ZN7testing8internal15TestFactoryImplI40ChainHashTableTest_RemoveMissingKey_TestE10CreateTestEv
FNDA:1,_ZN7testing8internal15TestFactoryImplI40ForwardListTest_AddHeadTailContains_TestE10CreateTestEv
FNDA:1,_ZN7testing8internal15TestFactoryImplI40OpenHashTableTest_InsertGetContains_TestE10CreateTestEv
FNDA:1,_ZN7testing8internal15TestFactoryImplI41ChainHashTableTest_CollisionHandling_TestE10CreateTestEv
FNDA:1,_ZN7testing8internal15TestFactoryImplI42ForwardListCoverage_EmptyListBranches_TestE10CreateTestEv
FNDA:1,_ZN7testing8internal15TestFactoryImplI43ForwardListCoverage_AddBeforeEdgeCases_TestE10CreateTestEv
FNDA:1,_ZN7testing8internal15TestFactoryImplI43OpenHashTableTest_CollisionAndOverflow_TestE10CreateTestEv
FNDA:1,_ZN7testing8internal15TestFactoryImplI44ForwardListCoverage_LoadNonexistentFile_TestE10CreateTestEv
FNDA:1,_ZN7testing8internal15TestFactoryImplI44ForwardListCoverage_PrintReverseNullptr_TestE10CreateTestEv
FNDA:1,_ZN7testing8internal15TestFactoryImplI44OpenHashTableTest_RemoveAndStopOnUnused_TestE10CreateTestEv
FNDA:1,_ZN7testing8internal15TestFactoryImplI46OpenHashTableTest_DebugIndexDeterministic_TestE10CreateTestEv
FNDA:68,_ZN7testing8internal12CodeLocationC2ERKNSt7__cxx1112basic_stringIcSt11char_traitsIcESaIcEEEi
FNDA:272,_ZN7testing8internal19GetNotDefaultOrNullEPFvvES2_
FNDA:68,_ZN7testing8internal16SuiteApiResolverINS_4TestEE19GetSetUpCaseOrSuiteEPKci
FNDA:68,_ZN7testing8internal16SuiteApiResolverINS_4TestEE22GetTearDownCaseOrSuiteEPKci
FNDA:3,_ZN7testing8internal14TrueWithStringC2Ev
FNDA:3,_ZNK7testing8internal14TrueWithStringcvbEv
FNF:77
FNH:76
DA:438,68
DA:445,68
DA:457,68
DA:478,68
DA:479,68
DA:491,272
DA:493,272
DA:506,68
DA:510,68
DA:512,68
DA:514,68
DA:517,0
DA:519,68
DA:527,68
DA:531,68
DA:533,68
DA:535,68
DA:538,0
DA:540,68
DA:843,3
DA:846,3
LF:21
LH:19
end_of_record
TN:
SF:/usr/include/gtest/internal/gtest-port.h
FN:1042,1042,_ZN7testing8internal8GTestLog9GetStreamEv
FNDA:0,_ZN7testing8internal8GTestLog9GetStreamEv
FNF:1
FNH:0
DA:1042,0
LF:1
LH:0
end_of_record
TN:
SF:/usr/include/gtest/internal/gtest-type-util.h
FN:61,87,_ZN7testing8internal31CanonicalizeForStdLibVersioningENSt7__cxx1112basic_stringIcSt11char_traitsIcESaIcEEE
FN:91,121,_ZN7testing8internal11GetTypeNameB5cxx11ERKSt9type_info
FNDA:0,_ZN7testing8internal31CanonicalizeForStdLibVersioningENSt7__cxx1112basic_stringIcSt11char_traitsIcESaIcEEE
FNDA:0,_ZN7testing8internal11GetTypeNameB5cxx11ERKSt9type_info
FNF:2
FNH:0
DA:61,0
DA:63,0
DA:64,0
DA:65,0
DA:67,0
DA:75,0
DA:78,0
DA:79,0
DA:80,0
DA:83,0
DA:84,0
DA:86,0
DA:91,0
DA:92,0
DA:94,0
DA:100,0
DA:101,0
DA:102,0
DA:103,0
DA:121,0
LF:20
LH:0
end_of_record
TN:
SF:/usr/include/x86_64-linux-gnu/c++/13/bits/c++config.h
FN:540,551,_ZSt23__is_constant_evaluatedv
FNDA:470,_ZSt23__is_constant_evaluatedv
FNF:1
FNH:1
DA:540,470
DA:547,470
LF:2
LH:2
end_of_record
